<?xml version="1.0" encoding="UTF-8"?>
<testsuite xmlns:xsi="http://www.w3.org/2001/XMLSchema-instance" xsi:noNamespaceSchemaLocation="https://maven.apache.org/surefire/maven-failsafe-plugin/xsd/failsafe-test-report-3.0.xsd" version="3.0" name="com.example.acceptancetests.AcceptanceTestSuite" time="1,393.709" tests="42" errors="0" skipped="0" failures="0">
  <properties>
[...]
</properties>
  <testcase name="Regist with nama lengkap, email, and password #1" classname="Register Account" time="41.401">
    <system-out><![CDATA[
Scenario Outline: Regist with nama lengkap, email, and password     &amp#27;[90m# src/test/resources/features/altaStore/a_Regist.feature:13&amp#27;[0m
  &amp#27;[32mGiven &amp#27;[0m&amp#27;[32mI am on the register page&amp#27;[0m                                   &amp#27;[90m# com.example.steps.RegistStep.iAmOnTheRegisterPage()&amp#27;[0m
  &amp#27;[32mWhen &amp#27;[0m&amp#27;[32mI input &amp#27;[0m&amp#27;[32m&amp#27;[1m"null"&amp#27;[0m&amp#27;[32m nama lengkap &amp#27;[0m&amp#27;[32m&amp#27;[1m"null"&amp#27;[0m&amp#27;[32m email and &amp#27;[0m&amp#27;[32m&amp#27;[1m"null"&amp#27;[0m&amp#27;[32m password&amp#27;[0m &amp#27;[90m# com.example.steps.RegistStep.iInputNamaLengkapAndPassword(java.lang.String,java.lang.String,java.lang.String)&amp#27;[0m
  &amp#27;[32mAnd &amp#27;[0m&amp#27;[32mI click register button&amp#27;[0m                                       &amp#27;[90m# com.example.steps.RegistStep.iClickRegisterButton()&amp#27;[0m
  &amp#27;[32mThen &amp#27;[0m&amp#27;[32mI will get the &amp#27;[0m&amp#27;[32m&amp#27;[1m"Must Fill All"&amp#27;[0m                               &amp#27;[90m# com.example.steps.RegistStep.iWillGetThe(java.lang.String)&amp#27;[0m
]]></system-out>
    <system-err><![CDATA[[main] INFO io.cucumber.core.plugin.SerenityReporter - Running feature from file:///D:/File%20Baru/Kuliah/Quality%20Engineer/File%20Transit%20QE/MiniProject/Mobile/sample-mobile-automation/src/test/resources/features/altaStore/a_Regist.feature
[main] WARN io.cucumber.core.plugin.SerenityReporter - Feature from file:///D:/File%20Baru/Kuliah/Quality%20Engineer/File%20Transit%20QE/MiniProject/Mobile/sample-mobile-automation/src/test/resources/features/altaStore/a_Regist.feature is not under the 'features' directory. Requirements report will not be correctly generated!
[main] INFO  - 

-------------------------------------------------------------------------------------
     _______. _______ .______       _______ .__   __.  __  .___________.____    ____ 
    /       ||   ____||   _  \     |   ____||  \ |  | |  | |           |\   \  /   / 
   |   (----`|  |__   |  |_)  |    |  |__   |   \|  | |  | `---|  |----` \   \/   /  
    \   \    |   __|  |      /     |   __|  |  . `  | |  |     |  |       \_    _/   
.----)   |   |  |____ |  |\  \----.|  |____ |  |\   | |  |     |  |         |  |     
|_______/    |_______|| _| `._____||_______||__| \__| |__|     |__|         |__|    
                                                                                     
 News and tutorials at http://www.serenity-bdd.info                                  
 Documentation at https://wakaleo.gitbooks.io/the-serenity-book/content/             
 Join the Serenity Community on Gitter: https://gitter.im/serenity-bdd/serenity-core 
 Serenity BDD Support and Training at http://serenity-bdd.info/#/trainingandsupport  
-------------------------------------------------------------------------------------

[main] INFO  - Test Suite Started: Register Account
[main] INFO io.cucumber.core.plugin.SerenityReporter - Running feature from file:///D:/File%20Baru/Kuliah/Quality%20Engineer/File%20Transit%20QE/MiniProject/Mobile/sample-mobile-automation/src/test/resources/features/altaStore/b_Login.feature
[main] WARN io.cucumber.core.plugin.SerenityReporter - Feature from file:///D:/File%20Baru/Kuliah/Quality%20Engineer/File%20Transit%20QE/MiniProject/Mobile/sample-mobile-automation/src/test/resources/features/altaStore/b_Login.feature is not under the 'features' directory. Requirements report will not be correctly generated!
[main] INFO  - Test Suite Started: Login Account
[main] INFO io.cucumber.core.plugin.SerenityReporter - Running feature from file:///D:/File%20Baru/Kuliah/Quality%20Engineer/File%20Transit%20QE/MiniProject/Mobile/sample-mobile-automation/src/test/resources/features/altaStore/c_AddProductToCart.feature
[main] WARN io.cucumber.core.plugin.SerenityReporter - Feature from file:///D:/File%20Baru/Kuliah/Quality%20Engineer/File%20Transit%20QE/MiniProject/Mobile/sample-mobile-automation/src/test/resources/features/altaStore/c_AddProductToCart.feature is not under the 'features' directory. Requirements report will not be correctly generated!
[main] INFO  - Test Suite Started: Add Product To Cart
[main] INFO io.cucumber.core.plugin.SerenityReporter - Running feature from file:///D:/File%20Baru/Kuliah/Quality%20Engineer/File%20Transit%20QE/MiniProject/Mobile/sample-mobile-automation/src/test/resources/features/altaStore/d_Logout.feature
[main] WARN io.cucumber.core.plugin.SerenityReporter - Feature from file:///D:/File%20Baru/Kuliah/Quality%20Engineer/File%20Transit%20QE/MiniProject/Mobile/sample-mobile-automation/src/test/resources/features/altaStore/d_Logout.feature is not under the 'features' directory. Requirements report will not be correctly generated!
[main] INFO  - Test Suite Started: Logout Account
[main] INFO io.cucumber.core.plugin.SerenityReporter - Running feature from file:///D:/File%20Baru/Kuliah/Quality%20Engineer/File%20Transit%20QE/MiniProject/Mobile/sample-mobile-automation/src/test/resources/features/altaStore/a_Regist.feature
[main] WARN io.cucumber.core.plugin.SerenityReporter - Feature from file:///D:/File%20Baru/Kuliah/Quality%20Engineer/File%20Transit%20QE/MiniProject/Mobile/sample-mobile-automation/src/test/resources/features/altaStore/a_Regist.feature is not under the 'features' directory. Requirements report will not be correctly generated!
[main] INFO  - 
 _____ _____ ____ _____   ____ _____  _    ____ _____ _____ ____  
|_   _| ____/ ___|_   _| / ___|_   _|/ \  |  _ \_   _| ____|  _ \ 
  | | |  _| \___ \ | |   \___ \ | | / _ \ | |_) || | |  _| | | | |
  | | | |___ ___) || |    ___) || |/ ___ \|  _ < | | | |___| |_| |
  |_| |_____|____/ |_|   |____/ |_/_/   \_\_| \_\|_| |_____|____/ 

Regist with nama lengkap, email, and password(register-account;regist-with-nama-lengkap--email--and-password)
-------------------------------------------------------------------
Nov 02, 2022 11:05:18 PM io.appium.java_client.remote.AppiumCommandExecutor$1 lambda$0
INFO: Detected dialect: W3C
[main] INFO  - 
        __    _____ _____ ____ _____   ____   _    ____  ____  _____ ____  
  _     \ \  |_   _| ____/ ___|_   _| |  _ \ / \  / ___|/ ___|| ____|  _ \ 
 (_)_____| |   | | |  _| \___ \ | |   | |_) / _ \ \___ \\___ \|  _| | | | |
  _|_____| |   | | | |___ ___) || |   |  __/ ___ \ ___) |___) | |___| |_| |
 (_)     | |   |_| |_____|____/ |_|   |_| /_/   \_\____/|____/|_____|____/ 
        /_/                                                                

Regist with nama lengkap, email, and password
----------------------------------------------------------------------------
]]></system-err>
  </testcase>
  <testcase name="Regist with nama lengkap, email, and password #2" classname="Register Account" time="34.338">
    <system-out><![CDATA[
Scenario Outline: Regist with nama lengkap, email, and password       &amp#27;[90m# src/test/resources/features/altaStore/a_Regist.feature:14&amp#27;[0m
  &amp#27;[32mGiven &amp#27;[0m&amp#27;[32mI am on the register page&amp#27;[0m                                     &amp#27;[90m# com.example.steps.RegistStep.iAmOnTheRegisterPage()&amp#27;[0m
  &amp#27;[32mWhen &amp#27;[0m&amp#27;[32mI input &amp#27;[0m&amp#27;[32m&amp#27;[1m"null"&amp#27;[0m&amp#27;[32m nama lengkap &amp#27;[0m&amp#27;[32m&amp#27;[1m"null"&amp#27;[0m&amp#27;[32m email and &amp#27;[0m&amp#27;[32m&amp#27;[1m"random"&amp#27;[0m&amp#27;[32m password&amp#27;[0m &amp#27;[90m# com.example.steps.RegistStep.iInputNamaLengkapAndPassword(java.lang.String,java.lang.String,java.lang.String)&amp#27;[0m
  &amp#27;[32mAnd &amp#27;[0m&amp#27;[32mI click register button&amp#27;[0m                                         &amp#27;[90m# com.example.steps.RegistStep.iClickRegisterButton()&amp#27;[0m
  &amp#27;[32mThen &amp#27;[0m&amp#27;[32mI will get the &amp#27;[0m&amp#27;[32m&amp#27;[1m"Must Fill 12"&amp#27;[0m                                  &amp#27;[90m# com.example.steps.RegistStep.iWillGetThe(java.lang.String)&amp#27;[0m
]]></system-out>
    <system-err><![CDATA[[main] INFO io.cucumber.core.plugin.SerenityReporter - Running feature from file:///D:/File%20Baru/Kuliah/Quality%20Engineer/File%20Transit%20QE/MiniProject/Mobile/sample-mobile-automation/src/test/resources/features/altaStore/a_Regist.feature
[main] WARN io.cucumber.core.plugin.SerenityReporter - Feature from file:///D:/File%20Baru/Kuliah/Quality%20Engineer/File%20Transit%20QE/MiniProject/Mobile/sample-mobile-automation/src/test/resources/features/altaStore/a_Regist.feature is not under the 'features' directory. Requirements report will not be correctly generated!
Nov 02, 2022 11:05:54 PM io.appium.java_client.remote.AppiumCommandExecutor$1 lambda$0
INFO: Detected dialect: W3C
[main] INFO  - 
        __    _____ _____ ____ _____   ____   _    ____  ____  _____ ____  
  _     \ \  |_   _| ____/ ___|_   _| |  _ \ / \  / ___|/ ___|| ____|  _ \ 
 (_)_____| |   | | |  _| \___ \ | |   | |_) / _ \ \___ \\___ \|  _| | | | |
  _|_____| |   | | | |___ ___) || |   |  __/ ___ \ ___) |___) | |___| |_| |
 (_)     | |   |_| |_____|____/ |_|   |_| /_/   \_\____/|____/|_____|____/ 
        /_/                                                                

Regist with nama lengkap, email, and password
----------------------------------------------------------------------------
]]></system-err>
  </testcase>
  <testcase name="Regist with nama lengkap, email, and password #3" classname="Register Account" time="35.286">
    <system-out><![CDATA[
Scenario Outline: Regist with nama lengkap, email, and password       &amp#27;[90m# src/test/resources/features/altaStore/a_Regist.feature:15&amp#27;[0m
  &amp#27;[32mGiven &amp#27;[0m&amp#27;[32mI am on the register page&amp#27;[0m                                     &amp#27;[90m# com.example.steps.RegistStep.iAmOnTheRegisterPage()&amp#27;[0m
  &amp#27;[32mWhen &amp#27;[0m&amp#27;[32mI input &amp#27;[0m&amp#27;[32m&amp#27;[1m"null"&amp#27;[0m&amp#27;[32m nama lengkap &amp#27;[0m&amp#27;[32m&amp#27;[1m"random"&amp#27;[0m&amp#27;[32m email and &amp#27;[0m&amp#27;[32m&amp#27;[1m"null"&amp#27;[0m&amp#27;[32m password&amp#27;[0m &amp#27;[90m# com.example.steps.RegistStep.iInputNamaLengkapAndPassword(java.lang.String,java.lang.String,java.lang.String)&amp#27;[0m
  &amp#27;[32mAnd &amp#27;[0m&amp#27;[32mI click register button&amp#27;[0m                                         &amp#27;[90m# com.example.steps.RegistStep.iClickRegisterButton()&amp#27;[0m
  &amp#27;[32mThen &amp#27;[0m&amp#27;[32mI will get the &amp#27;[0m&amp#27;[32m&amp#27;[1m"Must Fill 13"&amp#27;[0m                                  &amp#27;[90m# com.example.steps.RegistStep.iWillGetThe(java.lang.String)&amp#27;[0m
]]></system-out>
    <system-err><![CDATA[[main] INFO io.cucumber.core.plugin.SerenityReporter - Running feature from file:///D:/File%20Baru/Kuliah/Quality%20Engineer/File%20Transit%20QE/MiniProject/Mobile/sample-mobile-automation/src/test/resources/features/altaStore/a_Regist.feature
[main] WARN io.cucumber.core.plugin.SerenityReporter - Feature from file:///D:/File%20Baru/Kuliah/Quality%20Engineer/File%20Transit%20QE/MiniProject/Mobile/sample-mobile-automation/src/test/resources/features/altaStore/a_Regist.feature is not under the 'features' directory. Requirements report will not be correctly generated!
Nov 02, 2022 11:06:28 PM io.appium.java_client.remote.AppiumCommandExecutor$1 lambda$0
INFO: Detected dialect: W3C
]]></system-err>
  </testcase>
  <testcase name="Regist with nama lengkap, email, and password #4" classname="Register Account" time="37.362">
    <system-out><![CDATA[
Scenario Outline: Regist with nama lengkap, email, and password       &amp#27;[90m# src/test/resources/features/altaStore/a_Regist.feature:16&amp#27;[0m
  &amp#27;[32mGiven &amp#27;[0m&amp#27;[32mI am on the register page&amp#27;[0m                                     &amp#27;[90m# com.example.steps.RegistStep.iAmOnTheRegisterPage()&amp#27;[0m
  &amp#27;[32mWhen &amp#27;[0m&amp#27;[32mI input &amp#27;[0m&amp#27;[32m&amp#27;[1m"random"&amp#27;[0m&amp#27;[32m nama lengkap &amp#27;[0m&amp#27;[32m&amp#27;[1m"null"&amp#27;[0m&amp#27;[32m email and &amp#27;[0m&amp#27;[32m&amp#27;[1m"null"&amp#27;[0m&amp#27;[32m password&amp#27;[0m &amp#27;[90m# com.example.steps.RegistStep.iInputNamaLengkapAndPassword(java.lang.String,java.lang.String,java.lang.String)&amp#27;[0m
  &amp#27;[32mAnd &amp#27;[0m&amp#27;[32mI click register button&amp#27;[0m                                         &amp#27;[90m# com.example.steps.RegistStep.iClickRegisterButton()&amp#27;[0m
  &amp#27;[32mThen &amp#27;[0m&amp#27;[32mI will get the &amp#27;[0m&amp#27;[32m&amp#27;[1m"Must Fill 23"&amp#27;[0m                                  &amp#27;[90m# com.example.steps.RegistStep.iWillGetThe(java.lang.String)&amp#27;[0m
]]></system-out>
    <system-err><![CDATA[[main] INFO io.cucumber.core.plugin.SerenityReporter - Running feature from file:///D:/File%20Baru/Kuliah/Quality%20Engineer/File%20Transit%20QE/MiniProject/Mobile/sample-mobile-automation/src/test/resources/features/altaStore/a_Regist.feature
[main] WARN io.cucumber.core.plugin.SerenityReporter - Feature from file:///D:/File%20Baru/Kuliah/Quality%20Engineer/File%20Transit%20QE/MiniProject/Mobile/sample-mobile-automation/src/test/resources/features/altaStore/a_Regist.feature is not under the 'features' directory. Requirements report will not be correctly generated!
Nov 02, 2022 11:07:04 PM io.appium.java_client.remote.AppiumCommandExecutor$1 lambda$0
INFO: Detected dialect: W3C
]]></system-err>
  </testcase>
  <testcase name="Regist with nama lengkap, email, and password #5" classname="Register Account" time="35.5">
    <system-out><![CDATA[
Scenario Outline: Regist with nama lengkap, email, and password      &amp#27;[90m# src/test/resources/features/altaStore/a_Regist.feature:17&amp#27;[0m
  &amp#27;[32mGiven &amp#27;[0m&amp#27;[32mI am on the register page&amp#27;[0m                                    &amp#27;[90m# com.example.steps.RegistStep.iAmOnTheRegisterPage()&amp#27;[0m
  &amp#27;[32mWhen &amp#27;[0m&amp#27;[32mI input &amp#27;[0m&amp#27;[32m&amp#27;[1m"null"&amp#27;[0m&amp#27;[32m nama lengkap &amp#27;[0m&amp#27;[32m&amp#27;[1m"null"&amp#27;[0m&amp#27;[32m email and &amp#27;[0m&amp#27;[32m&amp#27;[1m"valid"&amp#27;[0m&amp#27;[32m password&amp#27;[0m &amp#27;[90m# com.example.steps.RegistStep.iInputNamaLengkapAndPassword(java.lang.String,java.lang.String,java.lang.String)&amp#27;[0m
  &amp#27;[32mAnd &amp#27;[0m&amp#27;[32mI click register button&amp#27;[0m                                        &amp#27;[90m# com.example.steps.RegistStep.iClickRegisterButton()&amp#27;[0m
  &amp#27;[32mThen &amp#27;[0m&amp#27;[32mI will get the &amp#27;[0m&amp#27;[32m&amp#27;[1m"Must Fill 12"&amp#27;[0m                                 &amp#27;[90m# com.example.steps.RegistStep.iWillGetThe(java.lang.String)&amp#27;[0m
]]></system-out>
    <system-err><![CDATA[[main] INFO io.cucumber.core.plugin.SerenityReporter - Running feature from file:///D:/File%20Baru/Kuliah/Quality%20Engineer/File%20Transit%20QE/MiniProject/Mobile/sample-mobile-automation/src/test/resources/features/altaStore/a_Regist.feature
[main] WARN io.cucumber.core.plugin.SerenityReporter - Feature from file:///D:/File%20Baru/Kuliah/Quality%20Engineer/File%20Transit%20QE/MiniProject/Mobile/sample-mobile-automation/src/test/resources/features/altaStore/a_Regist.feature is not under the 'features' directory. Requirements report will not be correctly generated!
Nov 02, 2022 11:07:42 PM io.appium.java_client.remote.AppiumCommandExecutor$1 lambda$0
INFO: Detected dialect: W3C
]]></system-err>
  </testcase>
  <testcase name="Regist with nama lengkap, email, and password #6" classname="Register Account" time="38.465">
    <system-out><![CDATA[
Scenario Outline: Regist with nama lengkap, email, and password      &amp#27;[90m# src/test/resources/features/altaStore/a_Regist.feature:18&amp#27;[0m
  &amp#27;[32mGiven &amp#27;[0m&amp#27;[32mI am on the register page&amp#27;[0m                                    &amp#27;[90m# com.example.steps.RegistStep.iAmOnTheRegisterPage()&amp#27;[0m
  &amp#27;[32mWhen &amp#27;[0m&amp#27;[32mI input &amp#27;[0m&amp#27;[32m&amp#27;[1m"null"&amp#27;[0m&amp#27;[32m nama lengkap &amp#27;[0m&amp#27;[32m&amp#27;[1m"valid"&amp#27;[0m&amp#27;[32m email and &amp#27;[0m&amp#27;[32m&amp#27;[1m"null"&amp#27;[0m&amp#27;[32m password&amp#27;[0m &amp#27;[90m# com.example.steps.RegistStep.iInputNamaLengkapAndPassword(java.lang.String,java.lang.String,java.lang.String)&amp#27;[0m
  &amp#27;[32mAnd &amp#27;[0m&amp#27;[32mI click register button&amp#27;[0m                                        &amp#27;[90m# com.example.steps.RegistStep.iClickRegisterButton()&amp#27;[0m
  &amp#27;[32mThen &amp#27;[0m&amp#27;[32mI will get the &amp#27;[0m&amp#27;[32m&amp#27;[1m"Must Fill 13"&amp#27;[0m                                 &amp#27;[90m# com.example.steps.RegistStep.iWillGetThe(java.lang.String)&amp#27;[0m
]]></system-out>
    <system-err><![CDATA[[main] INFO io.cucumber.core.plugin.SerenityReporter - Running feature from file:///D:/File%20Baru/Kuliah/Quality%20Engineer/File%20Transit%20QE/MiniProject/Mobile/sample-mobile-automation/src/test/resources/features/altaStore/a_Regist.feature
[main] WARN io.cucumber.core.plugin.SerenityReporter - Feature from file:///D:/File%20Baru/Kuliah/Quality%20Engineer/File%20Transit%20QE/MiniProject/Mobile/sample-mobile-automation/src/test/resources/features/altaStore/a_Regist.feature is not under the 'features' directory. Requirements report will not be correctly generated!
Nov 02, 2022 11:08:19 PM io.appium.java_client.remote.AppiumCommandExecutor$1 lambda$0
INFO: Detected dialect: W3C
]]></system-err>
  </testcase>
  <testcase name="Regist with nama lengkap, email, and password #7" classname="Register Account" time="54.338">
    <system-out><![CDATA[
Scenario Outline: Regist with nama lengkap, email, and password      &amp#27;[90m# src/test/resources/features/altaStore/a_Regist.feature:19&amp#27;[0m
  &amp#27;[32mGiven &amp#27;[0m&amp#27;[32mI am on the register page&amp#27;[0m                                    &amp#27;[90m# com.example.steps.RegistStep.iAmOnTheRegisterPage()&amp#27;[0m
  &amp#27;[32mWhen &amp#27;[0m&amp#27;[32mI input &amp#27;[0m&amp#27;[32m&amp#27;[1m"valid"&amp#27;[0m&amp#27;[32m nama lengkap &amp#27;[0m&amp#27;[32m&amp#27;[1m"null"&amp#27;[0m&amp#27;[32m email and &amp#27;[0m&amp#27;[32m&amp#27;[1m"null"&amp#27;[0m&amp#27;[32m password&amp#27;[0m &amp#27;[90m# com.example.steps.RegistStep.iInputNamaLengkapAndPassword(java.lang.String,java.lang.String,java.lang.String)&amp#27;[0m
  &amp#27;[32mAnd &amp#27;[0m&amp#27;[32mI click register button&amp#27;[0m                                        &amp#27;[90m# com.example.steps.RegistStep.iClickRegisterButton()&amp#27;[0m
  &amp#27;[32mThen &amp#27;[0m&amp#27;[32mI will get the &amp#27;[0m&amp#27;[32m&amp#27;[1m"Must Fill 23"&amp#27;[0m                                 &amp#27;[90m# com.example.steps.RegistStep.iWillGetThe(java.lang.String)&amp#27;[0m
]]></system-out>
    <system-err><![CDATA[[main] INFO io.cucumber.core.plugin.SerenityReporter - Running feature from file:///D:/File%20Baru/Kuliah/Quality%20Engineer/File%20Transit%20QE/MiniProject/Mobile/sample-mobile-automation/src/test/resources/features/altaStore/a_Regist.feature
[main] WARN io.cucumber.core.plugin.SerenityReporter - Feature from file:///D:/File%20Baru/Kuliah/Quality%20Engineer/File%20Transit%20QE/MiniProject/Mobile/sample-mobile-automation/src/test/resources/features/altaStore/a_Regist.feature is not under the 'features' directory. Requirements report will not be correctly generated!
Nov 02, 2022 11:09:10 PM io.appium.java_client.remote.AppiumCommandExecutor$1 lambda$0
INFO: Detected dialect: W3C
]]></system-err>
  </testcase>
  <testcase name="Regist with nama lengkap, email, and password #8" classname="Register Account" time="48.355">
    <system-out><![CDATA[
Scenario Outline: Regist with nama lengkap, email, and password       &amp#27;[90m# src/test/resources/features/altaStore/a_Regist.feature:20&amp#27;[0m
  &amp#27;[32mGiven &amp#27;[0m&amp#27;[32mI am on the register page&amp#27;[0m                                     &amp#27;[90m# com.example.steps.RegistStep.iAmOnTheRegisterPage()&amp#27;[0m
  &amp#27;[32mWhen &amp#27;[0m&amp#27;[32mI input &amp#27;[0m&amp#27;[32m&amp#27;[1m"null"&amp#27;[0m&amp#27;[32m nama lengkap &amp#27;[0m&amp#27;[32m&amp#27;[1m"valid"&amp#27;[0m&amp#27;[32m email and &amp#27;[0m&amp#27;[32m&amp#27;[1m"valid"&amp#27;[0m&amp#27;[32m password&amp#27;[0m &amp#27;[90m# com.example.steps.RegistStep.iInputNamaLengkapAndPassword(java.lang.String,java.lang.String,java.lang.String)&amp#27;[0m
  &amp#27;[32mAnd &amp#27;[0m&amp#27;[32mI click register button&amp#27;[0m                                         &amp#27;[90m# com.example.steps.RegistStep.iClickRegisterButton()&amp#27;[0m
  &amp#27;[32mThen &amp#27;[0m&amp#27;[32mI will get the &amp#27;[0m&amp#27;[32m&amp#27;[1m"Must Fill 1"&amp#27;[0m                                   &amp#27;[90m# com.example.steps.RegistStep.iWillGetThe(java.lang.String)&amp#27;[0m
]]></system-out>
    <system-err><![CDATA[[main] INFO io.cucumber.core.plugin.SerenityReporter - Running feature from file:///D:/File%20Baru/Kuliah/Quality%20Engineer/File%20Transit%20QE/MiniProject/Mobile/sample-mobile-automation/src/test/resources/features/altaStore/a_Regist.feature
[main] WARN io.cucumber.core.plugin.SerenityReporter - Feature from file:///D:/File%20Baru/Kuliah/Quality%20Engineer/File%20Transit%20QE/MiniProject/Mobile/sample-mobile-automation/src/test/resources/features/altaStore/a_Regist.feature is not under the 'features' directory. Requirements report will not be correctly generated!
Nov 02, 2022 11:10:01 PM io.appium.java_client.remote.AppiumCommandExecutor$1 lambda$0
INFO: Detected dialect: W3C
]]></system-err>
  </testcase>
  <testcase name="Regist with nama lengkap, email, and password #9" classname="Register Account" time="31.075">
    <system-out><![CDATA[
Scenario Outline: Regist with nama lengkap, email, and password         &amp#27;[90m# src/test/resources/features/altaStore/a_Regist.feature:21&amp#27;[0m
  &amp#27;[32mGiven &amp#27;[0m&amp#27;[32mI am on the register page&amp#27;[0m                                       &amp#27;[90m# com.example.steps.RegistStep.iAmOnTheRegisterPage()&amp#27;[0m
  &amp#27;[32mWhen &amp#27;[0m&amp#27;[32mI input &amp#27;[0m&amp#27;[32m&amp#27;[1m"random"&amp#27;[0m&amp#27;[32m nama lengkap &amp#27;[0m&amp#27;[32m&amp#27;[1m"random"&amp#27;[0m&amp#27;[32m email and &amp#27;[0m&amp#27;[32m&amp#27;[1m"null"&amp#27;[0m&amp#27;[32m password&amp#27;[0m &amp#27;[90m# com.example.steps.RegistStep.iInputNamaLengkapAndPassword(java.lang.String,java.lang.String,java.lang.String)&amp#27;[0m
  &amp#27;[32mAnd &amp#27;[0m&amp#27;[32mI click register button&amp#27;[0m                                           &amp#27;[90m# com.example.steps.RegistStep.iClickRegisterButton()&amp#27;[0m
  &amp#27;[32mThen &amp#27;[0m&amp#27;[32mI will get the &amp#27;[0m&amp#27;[32m&amp#27;[1m"Must Fill 3"&amp#27;[0m                                     &amp#27;[90m# com.example.steps.RegistStep.iWillGetThe(java.lang.String)&amp#27;[0m
]]></system-out>
    <system-err><![CDATA[[main] INFO io.cucumber.core.plugin.SerenityReporter - Running feature from file:///D:/File%20Baru/Kuliah/Quality%20Engineer/File%20Transit%20QE/MiniProject/Mobile/sample-mobile-automation/src/test/resources/features/altaStore/a_Regist.feature
[main] WARN io.cucumber.core.plugin.SerenityReporter - Feature from file:///D:/File%20Baru/Kuliah/Quality%20Engineer/File%20Transit%20QE/MiniProject/Mobile/sample-mobile-automation/src/test/resources/features/altaStore/a_Regist.feature is not under the 'features' directory. Requirements report will not be correctly generated!
Nov 02, 2022 11:10:34 PM io.appium.java_client.remote.AppiumCommandExecutor$1 lambda$0
INFO: Detected dialect: W3C
]]></system-err>
  </testcase>
  <testcase name="Regist with nama lengkap, email, and password #10" classname="Register Account" time="28.544">
    <system-out><![CDATA[
Scenario Outline: Regist with nama lengkap, email, and password       &amp#27;[90m# src/test/resources/features/altaStore/a_Regist.feature:22&amp#27;[0m
  &amp#27;[32mGiven &amp#27;[0m&amp#27;[32mI am on the register page&amp#27;[0m                                     &amp#27;[90m# com.example.steps.RegistStep.iAmOnTheRegisterPage()&amp#27;[0m
  &amp#27;[32mWhen &amp#27;[0m&amp#27;[32mI input &amp#27;[0m&amp#27;[32m&amp#27;[1m"null"&amp#27;[0m&amp#27;[32m nama lengkap &amp#27;[0m&amp#27;[32m&amp#27;[1m"valid"&amp#27;[0m&amp#27;[32m email and &amp#27;[0m&amp#27;[32m&amp#27;[1m"valid"&amp#27;[0m&amp#27;[32m password&amp#27;[0m &amp#27;[90m# com.example.steps.RegistStep.iInputNamaLengkapAndPassword(java.lang.String,java.lang.String,java.lang.String)&amp#27;[0m
  &amp#27;[32mAnd &amp#27;[0m&amp#27;[32mI click register button&amp#27;[0m                                         &amp#27;[90m# com.example.steps.RegistStep.iClickRegisterButton()&amp#27;[0m
  &amp#27;[32mThen &amp#27;[0m&amp#27;[32mI will get the &amp#27;[0m&amp#27;[32m&amp#27;[1m"Must Fill 1"&amp#27;[0m                                   &amp#27;[90m# com.example.steps.RegistStep.iWillGetThe(java.lang.String)&amp#27;[0m
]]></system-out>
    <system-err><![CDATA[[main] INFO io.cucumber.core.plugin.SerenityReporter - Running feature from file:///D:/File%20Baru/Kuliah/Quality%20Engineer/File%20Transit%20QE/MiniProject/Mobile/sample-mobile-automation/src/test/resources/features/altaStore/a_Regist.feature
[main] WARN io.cucumber.core.plugin.SerenityReporter - Feature from file:///D:/File%20Baru/Kuliah/Quality%20Engineer/File%20Transit%20QE/MiniProject/Mobile/sample-mobile-automation/src/test/resources/features/altaStore/a_Regist.feature is not under the 'features' directory. Requirements report will not be correctly generated!
Nov 02, 2022 11:11:03 PM io.appium.java_client.remote.AppiumCommandExecutor$1 lambda$0
INFO: Detected dialect: W3C
]]></system-err>
  </testcase>
  <testcase name="Regist with nama lengkap, email, and password #11" classname="Register Account" time="28.403">
    <system-out><![CDATA[
Scenario Outline: Regist with nama lengkap, email, and password       &amp#27;[90m# src/test/resources/features/altaStore/a_Regist.feature:23&amp#27;[0m
  &amp#27;[32mGiven &amp#27;[0m&amp#27;[32mI am on the register page&amp#27;[0m                                     &amp#27;[90m# com.example.steps.RegistStep.iAmOnTheRegisterPage()&amp#27;[0m
  &amp#27;[32mWhen &amp#27;[0m&amp#27;[32mI input &amp#27;[0m&amp#27;[32m&amp#27;[1m"valid"&amp#27;[0m&amp#27;[32m nama lengkap &amp#27;[0m&amp#27;[32m&amp#27;[1m"valid"&amp#27;[0m&amp#27;[32m email and &amp#27;[0m&amp#27;[32m&amp#27;[1m"null"&amp#27;[0m&amp#27;[32m password&amp#27;[0m &amp#27;[90m# com.example.steps.RegistStep.iInputNamaLengkapAndPassword(java.lang.String,java.lang.String,java.lang.String)&amp#27;[0m
  &amp#27;[32mAnd &amp#27;[0m&amp#27;[32mI click register button&amp#27;[0m                                         &amp#27;[90m# com.example.steps.RegistStep.iClickRegisterButton()&amp#27;[0m
  &amp#27;[32mThen &amp#27;[0m&amp#27;[32mI will get the &amp#27;[0m&amp#27;[32m&amp#27;[1m"Must Fill 3"&amp#27;[0m                                   &amp#27;[90m# com.example.steps.RegistStep.iWillGetThe(java.lang.String)&amp#27;[0m
]]></system-out>
    <system-err><![CDATA[[main] INFO io.cucumber.core.plugin.SerenityReporter - Running feature from file:///D:/File%20Baru/Kuliah/Quality%20Engineer/File%20Transit%20QE/MiniProject/Mobile/sample-mobile-automation/src/test/resources/features/altaStore/a_Regist.feature
[main] WARN io.cucumber.core.plugin.SerenityReporter - Feature from file:///D:/File%20Baru/Kuliah/Quality%20Engineer/File%20Transit%20QE/MiniProject/Mobile/sample-mobile-automation/src/test/resources/features/altaStore/a_Regist.feature is not under the 'features' directory. Requirements report will not be correctly generated!
Nov 02, 2022 11:11:31 PM io.appium.java_client.remote.AppiumCommandExecutor$1 lambda$0
INFO: Detected dialect: W3C
]]></system-err>
  </testcase>
  <testcase name="Regist with nama lengkap, email, and password #12" classname="Register Account" time="41.276">
    <system-out><![CDATA[
Scenario Outline: Regist with nama lengkap, email, and password        &amp#27;[90m# src/test/resources/features/altaStore/a_Regist.feature:24&amp#27;[0m
  &amp#27;[32mGiven &amp#27;[0m&amp#27;[32mI am on the register page&amp#27;[0m                                      &amp#27;[90m# com.example.steps.RegistStep.iAmOnTheRegisterPage()&amp#27;[0m
  &amp#27;[32mWhen &amp#27;[0m&amp#27;[32mI input &amp#27;[0m&amp#27;[32m&amp#27;[1m"valid"&amp#27;[0m&amp#27;[32m nama lengkap &amp#27;[0m&amp#27;[32m&amp#27;[1m"valid"&amp#27;[0m&amp#27;[32m email and &amp#27;[0m&amp#27;[32m&amp#27;[1m"valid"&amp#27;[0m&amp#27;[32m password&amp#27;[0m &amp#27;[90m# com.example.steps.RegistStep.iInputNamaLengkapAndPassword(java.lang.String,java.lang.String,java.lang.String)&amp#27;[0m
  &amp#27;[32mAnd &amp#27;[0m&amp#27;[32mI click register button&amp#27;[0m                                          &amp#27;[90m# com.example.steps.RegistStep.iClickRegisterButton()&amp#27;[0m
  &amp#27;[32mThen &amp#27;[0m&amp#27;[32mI will get the &amp#27;[0m&amp#27;[32m&amp#27;[1m"failed regist"&amp#27;[0m                                  &amp#27;[90m# com.example.steps.RegistStep.iWillGetThe(java.lang.String)&amp#27;[0m
]]></system-out>
    <system-err><![CDATA[[main] INFO io.cucumber.core.plugin.SerenityReporter - Running feature from file:///D:/File%20Baru/Kuliah/Quality%20Engineer/File%20Transit%20QE/MiniProject/Mobile/sample-mobile-automation/src/test/resources/features/altaStore/a_Regist.feature
[main] WARN io.cucumber.core.plugin.SerenityReporter - Feature from file:///D:/File%20Baru/Kuliah/Quality%20Engineer/File%20Transit%20QE/MiniProject/Mobile/sample-mobile-automation/src/test/resources/features/altaStore/a_Regist.feature is not under the 'features' directory. Requirements report will not be correctly generated!
Nov 02, 2022 11:12:10 PM io.appium.java_client.remote.AppiumCommandExecutor$1 lambda$0
INFO: Detected dialect: W3C
]]></system-err>
  </testcase>
  <testcase name="Regist with nama lengkap, email, and password #13" classname="Register Account" time="32.729">
    <system-out><![CDATA[
Scenario Outline: Regist with nama lengkap, email, and password           &amp#27;[90m# src/test/resources/features/altaStore/a_Regist.feature:25&amp#27;[0m
  &amp#27;[32mGiven &amp#27;[0m&amp#27;[32mI am on the register page&amp#27;[0m                                         &amp#27;[90m# com.example.steps.RegistStep.iAmOnTheRegisterPage()&amp#27;[0m
  &amp#27;[32mWhen &amp#27;[0m&amp#27;[32mI input &amp#27;[0m&amp#27;[32m&amp#27;[1m"random"&amp#27;[0m&amp#27;[32m nama lengkap &amp#27;[0m&amp#27;[32m&amp#27;[1m"random"&amp#27;[0m&amp#27;[32m email and &amp#27;[0m&amp#27;[32m&amp#27;[1m"random"&amp#27;[0m&amp#27;[32m password&amp#27;[0m &amp#27;[90m# com.example.steps.RegistStep.iInputNamaLengkapAndPassword(java.lang.String,java.lang.String,java.lang.String)&amp#27;[0m
  &amp#27;[32mAnd &amp#27;[0m&amp#27;[32mI click register button&amp#27;[0m                                             &amp#27;[90m# com.example.steps.RegistStep.iClickRegisterButton()&amp#27;[0m
  &amp#27;[32mThen &amp#27;[0m&amp#27;[32mI will get the &amp#27;[0m&amp#27;[32m&amp#27;[1m"success"&amp#27;[0m                                           &amp#27;[90m# com.example.steps.RegistStep.iWillGetThe(java.lang.String)&amp#27;[0m
]]></system-out>
    <system-err><![CDATA[[main] INFO io.cucumber.core.plugin.SerenityReporter - Running feature from file:///D:/File%20Baru/Kuliah/Quality%20Engineer/File%20Transit%20QE/MiniProject/Mobile/sample-mobile-automation/src/test/resources/features/altaStore/a_Regist.feature
[main] WARN io.cucumber.core.plugin.SerenityReporter - Feature from file:///D:/File%20Baru/Kuliah/Quality%20Engineer/File%20Transit%20QE/MiniProject/Mobile/sample-mobile-automation/src/test/resources/features/altaStore/a_Regist.feature is not under the 'features' directory. Requirements report will not be correctly generated!
Nov 02, 2022 11:12:44 PM io.appium.java_client.remote.AppiumCommandExecutor$1 lambda$0
INFO: Detected dialect: W3C
]]></system-err>
  </testcase>
  <testcase name="Regist with nama lengkap, email, and password #14" classname="Register Account" time="32.146">
    <system-out><![CDATA[
Scenario Outline: Regist with nama lengkap, email, and password        &amp#27;[90m# src/test/resources/features/altaStore/a_Regist.feature:26&amp#27;[0m
  &amp#27;[32mGiven &amp#27;[0m&amp#27;[32mI am on the register page&amp#27;[0m                                      &amp#27;[90m# com.example.steps.RegistStep.iAmOnTheRegisterPage()&amp#27;[0m
  &amp#27;[32mWhen &amp#27;[0m&amp#27;[32mI input &amp#27;[0m&amp#27;[32m&amp#27;[1m"valid"&amp#27;[0m&amp#27;[32m nama lengkap &amp#27;[0m&amp#27;[32m&amp#27;[1m"null"&amp#27;[0m&amp#27;[32m email and &amp#27;[0m&amp#27;[32m&amp#27;[1m"random"&amp#27;[0m&amp#27;[32m password&amp#27;[0m &amp#27;[90m# com.example.steps.RegistStep.iInputNamaLengkapAndPassword(java.lang.String,java.lang.String,java.lang.String)&amp#27;[0m
  &amp#27;[32mAnd &amp#27;[0m&amp#27;[32mI click register button&amp#27;[0m                                          &amp#27;[90m# com.example.steps.RegistStep.iClickRegisterButton()&amp#27;[0m
  &amp#27;[32mThen &amp#27;[0m&amp#27;[32mI will get the &amp#27;[0m&amp#27;[32m&amp#27;[1m"Must Fill 2"&amp#27;[0m                                    &amp#27;[90m# com.example.steps.RegistStep.iWillGetThe(java.lang.String)&amp#27;[0m
]]></system-out>
    <system-err><![CDATA[[main] INFO io.cucumber.core.plugin.SerenityReporter - Running feature from file:///D:/File%20Baru/Kuliah/Quality%20Engineer/File%20Transit%20QE/MiniProject/Mobile/sample-mobile-automation/src/test/resources/features/altaStore/a_Regist.feature
[main] WARN io.cucumber.core.plugin.SerenityReporter - Feature from file:///D:/File%20Baru/Kuliah/Quality%20Engineer/File%20Transit%20QE/MiniProject/Mobile/sample-mobile-automation/src/test/resources/features/altaStore/a_Regist.feature is not under the 'features' directory. Requirements report will not be correctly generated!
Nov 02, 2022 11:13:18 PM io.appium.java_client.remote.AppiumCommandExecutor$1 lambda$0
INFO: Detected dialect: W3C
]]></system-err>
  </testcase>
  <testcase name="Regist with nama lengkap, email, and password #15" classname="Register Account" time="33.773">
    <system-out><![CDATA[
Scenario Outline: Regist with nama lengkap, email, and password        &amp#27;[90m# src/test/resources/features/altaStore/a_Regist.feature:27&amp#27;[0m
  &amp#27;[32mGiven &amp#27;[0m&amp#27;[32mI am on the register page&amp#27;[0m                                      &amp#27;[90m# com.example.steps.RegistStep.iAmOnTheRegisterPage()&amp#27;[0m
  &amp#27;[32mWhen &amp#27;[0m&amp#27;[32mI input &amp#27;[0m&amp#27;[32m&amp#27;[1m"valid"&amp#27;[0m&amp#27;[32m nama lengkap &amp#27;[0m&amp#27;[32m&amp#27;[1m"random"&amp#27;[0m&amp#27;[32m email and &amp#27;[0m&amp#27;[32m&amp#27;[1m"null"&amp#27;[0m&amp#27;[32m password&amp#27;[0m &amp#27;[90m# com.example.steps.RegistStep.iInputNamaLengkapAndPassword(java.lang.String,java.lang.String,java.lang.String)&amp#27;[0m
  &amp#27;[32mAnd &amp#27;[0m&amp#27;[32mI click register button&amp#27;[0m                                          &amp#27;[90m# com.example.steps.RegistStep.iClickRegisterButton()&amp#27;[0m
  &amp#27;[32mThen &amp#27;[0m&amp#27;[32mI will get the &amp#27;[0m&amp#27;[32m&amp#27;[1m"Must Fill 3"&amp#27;[0m                                    &amp#27;[90m# com.example.steps.RegistStep.iWillGetThe(java.lang.String)&amp#27;[0m
]]></system-out>
    <system-err><![CDATA[[main] INFO io.cucumber.core.plugin.SerenityReporter - Running feature from file:///D:/File%20Baru/Kuliah/Quality%20Engineer/File%20Transit%20QE/MiniProject/Mobile/sample-mobile-automation/src/test/resources/features/altaStore/a_Regist.feature
[main] WARN io.cucumber.core.plugin.SerenityReporter - Feature from file:///D:/File%20Baru/Kuliah/Quality%20Engineer/File%20Transit%20QE/MiniProject/Mobile/sample-mobile-automation/src/test/resources/features/altaStore/a_Regist.feature is not under the 'features' directory. Requirements report will not be correctly generated!
Nov 02, 2022 11:13:50 PM io.appium.java_client.remote.AppiumCommandExecutor$1 lambda$0
INFO: Detected dialect: W3C
]]></system-err>
  </testcase>
  <testcase name="Regist with nama lengkap, email, and password #16" classname="Register Account" time="34.85">
    <system-out><![CDATA[
Scenario Outline: Regist with nama lengkap, email, and password        &amp#27;[90m# src/test/resources/features/altaStore/a_Regist.feature:28&amp#27;[0m
  &amp#27;[32mGiven &amp#27;[0m&amp#27;[32mI am on the register page&amp#27;[0m                                      &amp#27;[90m# com.example.steps.RegistStep.iAmOnTheRegisterPage()&amp#27;[0m
  &amp#27;[32mWhen &amp#27;[0m&amp#27;[32mI input &amp#27;[0m&amp#27;[32m&amp#27;[1m"random"&amp#27;[0m&amp#27;[32m nama lengkap &amp#27;[0m&amp#27;[32m&amp#27;[1m"valid"&amp#27;[0m&amp#27;[32m email and &amp#27;[0m&amp#27;[32m&amp#27;[1m"null"&amp#27;[0m&amp#27;[32m password&amp#27;[0m &amp#27;[90m# com.example.steps.RegistStep.iInputNamaLengkapAndPassword(java.lang.String,java.lang.String,java.lang.String)&amp#27;[0m
  &amp#27;[32mAnd &amp#27;[0m&amp#27;[32mI click register button&amp#27;[0m                                          &amp#27;[90m# com.example.steps.RegistStep.iClickRegisterButton()&amp#27;[0m
  &amp#27;[32mThen &amp#27;[0m&amp#27;[32mI will get the &amp#27;[0m&amp#27;[32m&amp#27;[1m"Must Fill 3"&amp#27;[0m                                    &amp#27;[90m# com.example.steps.RegistStep.iWillGetThe(java.lang.String)&amp#27;[0m
]]></system-out>
    <system-err><![CDATA[[main] INFO io.cucumber.core.plugin.SerenityReporter - Running feature from file:///D:/File%20Baru/Kuliah/Quality%20Engineer/File%20Transit%20QE/MiniProject/Mobile/sample-mobile-automation/src/test/resources/features/altaStore/a_Regist.feature
[main] WARN io.cucumber.core.plugin.SerenityReporter - Feature from file:///D:/File%20Baru/Kuliah/Quality%20Engineer/File%20Transit%20QE/MiniProject/Mobile/sample-mobile-automation/src/test/resources/features/altaStore/a_Regist.feature is not under the 'features' directory. Requirements report will not be correctly generated!
Nov 02, 2022 11:14:26 PM io.appium.java_client.remote.AppiumCommandExecutor$1 lambda$0
INFO: Detected dialect: W3C
]]></system-err>
  </testcase>
  <testcase name="Regist with nama lengkap, email, and password #17" classname="Register Account" time="33.319">
    <system-out><![CDATA[
Scenario Outline: Regist with nama lengkap, email, and password        &amp#27;[90m# src/test/resources/features/altaStore/a_Regist.feature:29&amp#27;[0m
  &amp#27;[32mGiven &amp#27;[0m&amp#27;[32mI am on the register page&amp#27;[0m                                      &amp#27;[90m# com.example.steps.RegistStep.iAmOnTheRegisterPage()&amp#27;[0m
  &amp#27;[32mWhen &amp#27;[0m&amp#27;[32mI input &amp#27;[0m&amp#27;[32m&amp#27;[1m"random"&amp#27;[0m&amp#27;[32m nama lengkap &amp#27;[0m&amp#27;[32m&amp#27;[1m"null"&amp#27;[0m&amp#27;[32m email and &amp#27;[0m&amp#27;[32m&amp#27;[1m"valid"&amp#27;[0m&amp#27;[32m password&amp#27;[0m &amp#27;[90m# com.example.steps.RegistStep.iInputNamaLengkapAndPassword(java.lang.String,java.lang.String,java.lang.String)&amp#27;[0m
  &amp#27;[32mAnd &amp#27;[0m&amp#27;[32mI click register button&amp#27;[0m                                          &amp#27;[90m# com.example.steps.RegistStep.iClickRegisterButton()&amp#27;[0m
  &amp#27;[32mThen &amp#27;[0m&amp#27;[32mI will get the &amp#27;[0m&amp#27;[32m&amp#27;[1m"Must Fill 2"&amp#27;[0m                                    &amp#27;[90m# com.example.steps.RegistStep.iWillGetThe(java.lang.String)&amp#27;[0m
]]></system-out>
    <system-err><![CDATA[[main] INFO io.cucumber.core.plugin.SerenityReporter - Running feature from file:///D:/File%20Baru/Kuliah/Quality%20Engineer/File%20Transit%20QE/MiniProject/Mobile/sample-mobile-automation/src/test/resources/features/altaStore/a_Regist.feature
[main] WARN io.cucumber.core.plugin.SerenityReporter - Feature from file:///D:/File%20Baru/Kuliah/Quality%20Engineer/File%20Transit%20QE/MiniProject/Mobile/sample-mobile-automation/src/test/resources/features/altaStore/a_Regist.feature is not under the 'features' directory. Requirements report will not be correctly generated!
Nov 02, 2022 11:14:59 PM io.appium.java_client.remote.AppiumCommandExecutor$1 lambda$0
INFO: Detected dialect: W3C
]]></system-err>
  </testcase>
  <testcase name="Regist with nama lengkap, email, and password #18" classname="Register Account" time="35.336">
    <system-out><![CDATA[
Scenario Outline: Regist with nama lengkap, email, and password         &amp#27;[90m# src/test/resources/features/altaStore/a_Regist.feature:30&amp#27;[0m
  &amp#27;[32mGiven &amp#27;[0m&amp#27;[32mI am on the register page&amp#27;[0m                                       &amp#27;[90m# com.example.steps.RegistStep.iAmOnTheRegisterPage()&amp#27;[0m
  &amp#27;[32mWhen &amp#27;[0m&amp#27;[32mI input &amp#27;[0m&amp#27;[32m&amp#27;[1m"valid"&amp#27;[0m&amp#27;[32m nama lengkap &amp#27;[0m&amp#27;[32m&amp#27;[1m"valid"&amp#27;[0m&amp#27;[32m email and &amp#27;[0m&amp#27;[32m&amp#27;[1m"random"&amp#27;[0m&amp#27;[32m password&amp#27;[0m &amp#27;[90m# com.example.steps.RegistStep.iInputNamaLengkapAndPassword(java.lang.String,java.lang.String,java.lang.String)&amp#27;[0m
  &amp#27;[32mAnd &amp#27;[0m&amp#27;[32mI click register button&amp#27;[0m                                           &amp#27;[90m# com.example.steps.RegistStep.iClickRegisterButton()&amp#27;[0m
  &amp#27;[32mThen &amp#27;[0m&amp#27;[32mI will get the &amp#27;[0m&amp#27;[32m&amp#27;[1m"failed regist"&amp#27;[0m                                   &amp#27;[90m# com.example.steps.RegistStep.iWillGetThe(java.lang.String)&amp#27;[0m
]]></system-out>
    <system-err><![CDATA[[main] INFO io.cucumber.core.plugin.SerenityReporter - Running feature from file:///D:/File%20Baru/Kuliah/Quality%20Engineer/File%20Transit%20QE/MiniProject/Mobile/sample-mobile-automation/src/test/resources/features/altaStore/a_Regist.feature
[main] WARN io.cucumber.core.plugin.SerenityReporter - Feature from file:///D:/File%20Baru/Kuliah/Quality%20Engineer/File%20Transit%20QE/MiniProject/Mobile/sample-mobile-automation/src/test/resources/features/altaStore/a_Regist.feature is not under the 'features' directory. Requirements report will not be correctly generated!
Nov 02, 2022 11:15:33 PM io.appium.java_client.remote.AppiumCommandExecutor$1 lambda$0
INFO: Detected dialect: W3C
]]></system-err>
  </testcase>
  <testcase name="Regist with nama lengkap, email, and password #19" classname="Register Account" time="39.932">
    <system-out><![CDATA[
Scenario Outline: Regist with nama lengkap, email, and password          &amp#27;[90m# src/test/resources/features/altaStore/a_Regist.feature:31&amp#27;[0m
  &amp#27;[32mGiven &amp#27;[0m&amp#27;[32mI am on the register page&amp#27;[0m                                        &amp#27;[90m# com.example.steps.RegistStep.iAmOnTheRegisterPage()&amp#27;[0m
  &amp#27;[32mWhen &amp#27;[0m&amp#27;[32mI input &amp#27;[0m&amp#27;[32m&amp#27;[1m"random"&amp#27;[0m&amp#27;[32m nama lengkap &amp#27;[0m&amp#27;[32m&amp#27;[1m"random"&amp#27;[0m&amp#27;[32m email and &amp#27;[0m&amp#27;[32m&amp#27;[1m"valid"&amp#27;[0m&amp#27;[32m password&amp#27;[0m &amp#27;[90m# com.example.steps.RegistStep.iInputNamaLengkapAndPassword(java.lang.String,java.lang.String,java.lang.String)&amp#27;[0m
  &amp#27;[32mAnd &amp#27;[0m&amp#27;[32mI click register button&amp#27;[0m                                            &amp#27;[90m# com.example.steps.RegistStep.iClickRegisterButton()&amp#27;[0m
  &amp#27;[32mThen &amp#27;[0m&amp#27;[32mI will get the &amp#27;[0m&amp#27;[32m&amp#27;[1m"success"&amp#27;[0m                                          &amp#27;[90m# com.example.steps.RegistStep.iWillGetThe(java.lang.String)&amp#27;[0m
]]></system-out>
    <system-err><![CDATA[[main] INFO io.cucumber.core.plugin.SerenityReporter - Running feature from file:///D:/File%20Baru/Kuliah/Quality%20Engineer/File%20Transit%20QE/MiniProject/Mobile/sample-mobile-automation/src/test/resources/features/altaStore/a_Regist.feature
[main] WARN io.cucumber.core.plugin.SerenityReporter - Feature from file:///D:/File%20Baru/Kuliah/Quality%20Engineer/File%20Transit%20QE/MiniProject/Mobile/sample-mobile-automation/src/test/resources/features/altaStore/a_Regist.feature is not under the 'features' directory. Requirements report will not be correctly generated!
Nov 02, 2022 11:16:12 PM io.appium.java_client.remote.AppiumCommandExecutor$1 lambda$0
INFO: Detected dialect: W3C
]]></system-err>
  </testcase>
  <testcase name="Regist with nama lengkap, email, and password #20" classname="Register Account" time="38.301">
    <system-out><![CDATA[
Scenario Outline: Regist with nama lengkap, email, and password         &amp#27;[90m# src/test/resources/features/altaStore/a_Regist.feature:32&amp#27;[0m
  &amp#27;[32mGiven &amp#27;[0m&amp#27;[32mI am on the register page&amp#27;[0m                                       &amp#27;[90m# com.example.steps.RegistStep.iAmOnTheRegisterPage()&amp#27;[0m
  &amp#27;[32mWhen &amp#27;[0m&amp#27;[32mI input &amp#27;[0m&amp#27;[32m&amp#27;[1m"valid"&amp#27;[0m&amp#27;[32m nama lengkap &amp#27;[0m&amp#27;[32m&amp#27;[1m"random"&amp#27;[0m&amp#27;[32m email and &amp#27;[0m&amp#27;[32m&amp#27;[1m"valid"&amp#27;[0m&amp#27;[32m password&amp#27;[0m &amp#27;[90m# com.example.steps.RegistStep.iInputNamaLengkapAndPassword(java.lang.String,java.lang.String,java.lang.String)&amp#27;[0m
  &amp#27;[32mAnd &amp#27;[0m&amp#27;[32mI click register button&amp#27;[0m                                           &amp#27;[90m# com.example.steps.RegistStep.iClickRegisterButton()&amp#27;[0m
  &amp#27;[32mThen &amp#27;[0m&amp#27;[32mI will get the &amp#27;[0m&amp#27;[32m&amp#27;[1m"success"&amp#27;[0m                                         &amp#27;[90m# com.example.steps.RegistStep.iWillGetThe(java.lang.String)&amp#27;[0m
]]></system-out>
    <system-err><![CDATA[[main] INFO io.cucumber.core.plugin.SerenityReporter - Running feature from file:///D:/File%20Baru/Kuliah/Quality%20Engineer/File%20Transit%20QE/MiniProject/Mobile/sample-mobile-automation/src/test/resources/features/altaStore/a_Regist.feature
[main] WARN io.cucumber.core.plugin.SerenityReporter - Feature from file:///D:/File%20Baru/Kuliah/Quality%20Engineer/File%20Transit%20QE/MiniProject/Mobile/sample-mobile-automation/src/test/resources/features/altaStore/a_Regist.feature is not under the 'features' directory. Requirements report will not be correctly generated!
Nov 02, 2022 11:16:49 PM io.appium.java_client.remote.AppiumCommandExecutor$1 lambda$0
INFO: Detected dialect: W3C
]]></system-err>
  </testcase>
  <testcase name="Regist with nama lengkap, email, and password #21" classname="Register Account" time="33.553">
    <system-out><![CDATA[
Scenario Outline: Regist with nama lengkap, email, and password          &amp#27;[90m# src/test/resources/features/altaStore/a_Regist.feature:33&amp#27;[0m
  &amp#27;[32mGiven &amp#27;[0m&amp#27;[32mI am on the register page&amp#27;[0m                                        &amp#27;[90m# com.example.steps.RegistStep.iAmOnTheRegisterPage()&amp#27;[0m
  &amp#27;[32mWhen &amp#27;[0m&amp#27;[32mI input &amp#27;[0m&amp#27;[32m&amp#27;[1m"random"&amp#27;[0m&amp#27;[32m nama lengkap &amp#27;[0m&amp#27;[32m&amp#27;[1m"valid"&amp#27;[0m&amp#27;[32m email and &amp#27;[0m&amp#27;[32m&amp#27;[1m"random"&amp#27;[0m&amp#27;[32m password&amp#27;[0m &amp#27;[90m# com.example.steps.RegistStep.iInputNamaLengkapAndPassword(java.lang.String,java.lang.String,java.lang.String)&amp#27;[0m
  &amp#27;[32mAnd &amp#27;[0m&amp#27;[32mI click register button&amp#27;[0m                                            &amp#27;[90m# com.example.steps.RegistStep.iClickRegisterButton()&amp#27;[0m
  &amp#27;[32mThen &amp#27;[0m&amp#27;[32mI will get the &amp#27;[0m&amp#27;[32m&amp#27;[1m"failed regist"&amp#27;[0m                                    &amp#27;[90m# com.example.steps.RegistStep.iWillGetThe(java.lang.String)&amp#27;[0m
]]></system-out>
    <system-err><![CDATA[[main] INFO io.cucumber.core.plugin.SerenityReporter - Running feature from file:///D:/File%20Baru/Kuliah/Quality%20Engineer/File%20Transit%20QE/MiniProject/Mobile/sample-mobile-automation/src/test/resources/features/altaStore/a_Regist.feature
[main] WARN io.cucumber.core.plugin.SerenityReporter - Feature from file:///D:/File%20Baru/Kuliah/Quality%20Engineer/File%20Transit%20QE/MiniProject/Mobile/sample-mobile-automation/src/test/resources/features/altaStore/a_Regist.feature is not under the 'features' directory. Requirements report will not be correctly generated!
Nov 02, 2022 11:17:25 PM io.appium.java_client.remote.AppiumCommandExecutor$1 lambda$0
INFO: Detected dialect: W3C
]]></system-err>
  </testcase>
  <testcase name="Regist with nama lengkap, email, and password #22" classname="Register Account" time="32.248">
    <system-out><![CDATA[
Scenario Outline: Regist with nama lengkap, email, and password         &amp#27;[90m# src/test/resources/features/altaStore/a_Regist.feature:34&amp#27;[0m
  &amp#27;[32mGiven &amp#27;[0m&amp#27;[32mI am on the register page&amp#27;[0m                                       &amp#27;[90m# com.example.steps.RegistStep.iAmOnTheRegisterPage()&amp#27;[0m
  &amp#27;[32mWhen &amp#27;[0m&amp#27;[32mI input &amp#27;[0m&amp#27;[32m&amp#27;[1m"random"&amp#27;[0m&amp#27;[32m nama lengkap &amp#27;[0m&amp#27;[32m&amp#27;[1m"valid"&amp#27;[0m&amp#27;[32m email and &amp#27;[0m&amp#27;[32m&amp#27;[1m"valid"&amp#27;[0m&amp#27;[32m password&amp#27;[0m &amp#27;[90m# com.example.steps.RegistStep.iInputNamaLengkapAndPassword(java.lang.String,java.lang.String,java.lang.String)&amp#27;[0m
  &amp#27;[32mAnd &amp#27;[0m&amp#27;[32mI click register button&amp#27;[0m                                           &amp#27;[90m# com.example.steps.RegistStep.iClickRegisterButton()&amp#27;[0m
  &amp#27;[32mThen &amp#27;[0m&amp#27;[32mI will get the &amp#27;[0m&amp#27;[32m&amp#27;[1m"failed regist"&amp#27;[0m                                   &amp#27;[90m# com.example.steps.RegistStep.iWillGetThe(java.lang.String)&amp#27;[0m
]]></system-out>
    <system-err><![CDATA[[main] INFO io.cucumber.core.plugin.SerenityReporter - Running feature from file:///D:/File%20Baru/Kuliah/Quality%20Engineer/File%20Transit%20QE/MiniProject/Mobile/sample-mobile-automation/src/test/resources/features/altaStore/a_Regist.feature
[main] WARN io.cucumber.core.plugin.SerenityReporter - Feature from file:///D:/File%20Baru/Kuliah/Quality%20Engineer/File%20Transit%20QE/MiniProject/Mobile/sample-mobile-automation/src/test/resources/features/altaStore/a_Regist.feature is not under the 'features' directory. Requirements report will not be correctly generated!
Nov 02, 2022 11:17:57 PM io.appium.java_client.remote.AppiumCommandExecutor$1 lambda$0
INFO: Detected dialect: W3C
]]></system-err>
  </testcase>
  <testcase name="Regist with nama lengkap, email, and password #23" classname="Register Account" time="32.559">
    <system-out><![CDATA[
Scenario Outline: Regist with nama lengkap, email, and password         &amp#27;[90m# src/test/resources/features/altaStore/a_Regist.feature:35&amp#27;[0m
  &amp#27;[32mGiven &amp#27;[0m&amp#27;[32mI am on the register page&amp#27;[0m                                       &amp#27;[90m# com.example.steps.RegistStep.iAmOnTheRegisterPage()&amp#27;[0m
  &amp#27;[32mWhen &amp#27;[0m&amp#27;[32mI input &amp#27;[0m&amp#27;[32m&amp#27;[1m"valid"&amp#27;[0m&amp#27;[32m nama lengkap &amp#27;[0m&amp#27;[32m&amp#27;[1m"random"&amp#27;[0m&amp#27;[32m email and &amp#27;[0m&amp#27;[32m&amp#27;[1m"valid"&amp#27;[0m&amp#27;[32m password&amp#27;[0m &amp#27;[90m# com.example.steps.RegistStep.iInputNamaLengkapAndPassword(java.lang.String,java.lang.String,java.lang.String)&amp#27;[0m
  &amp#27;[32mAnd &amp#27;[0m&amp#27;[32mI click register button&amp#27;[0m                                           &amp#27;[90m# com.example.steps.RegistStep.iClickRegisterButton()&amp#27;[0m
  &amp#27;[32mThen &amp#27;[0m&amp#27;[32mI will get the &amp#27;[0m&amp#27;[32m&amp#27;[1m"success"&amp#27;[0m                                         &amp#27;[90m# com.example.steps.RegistStep.iWillGetThe(java.lang.String)&amp#27;[0m
]]></system-out>
    <system-err><![CDATA[[main] INFO io.cucumber.core.plugin.SerenityReporter - Running feature from file:///D:/File%20Baru/Kuliah/Quality%20Engineer/File%20Transit%20QE/MiniProject/Mobile/sample-mobile-automation/src/test/resources/features/altaStore/a_Regist.feature
[main] WARN io.cucumber.core.plugin.SerenityReporter - Feature from file:///D:/File%20Baru/Kuliah/Quality%20Engineer/File%20Transit%20QE/MiniProject/Mobile/sample-mobile-automation/src/test/resources/features/altaStore/a_Regist.feature is not under the 'features' directory. Requirements report will not be correctly generated!
Nov 02, 2022 11:18:29 PM io.appium.java_client.remote.AppiumCommandExecutor$1 lambda$0
INFO: Detected dialect: W3C
]]></system-err>
  </testcase>
  <testcase name="Regist with nama lengkap, email, and password #24" classname="Register Account" time="31.838">
    <system-out><![CDATA[
Scenario Outline: Regist with nama lengkap, email, and password         &amp#27;[90m# src/test/resources/features/altaStore/a_Regist.feature:36&amp#27;[0m
  &amp#27;[32mGiven &amp#27;[0m&amp#27;[32mI am on the register page&amp#27;[0m                                       &amp#27;[90m# com.example.steps.RegistStep.iAmOnTheRegisterPage()&amp#27;[0m
  &amp#27;[32mWhen &amp#27;[0m&amp#27;[32mI input &amp#27;[0m&amp#27;[32m&amp#27;[1m"valid"&amp#27;[0m&amp#27;[32m nama lengkap &amp#27;[0m&amp#27;[32m&amp#27;[1m"valid"&amp#27;[0m&amp#27;[32m email and &amp#27;[0m&amp#27;[32m&amp#27;[1m"random"&amp#27;[0m&amp#27;[32m password&amp#27;[0m &amp#27;[90m# com.example.steps.RegistStep.iInputNamaLengkapAndPassword(java.lang.String,java.lang.String,java.lang.String)&amp#27;[0m
  &amp#27;[32mAnd &amp#27;[0m&amp#27;[32mI click register button&amp#27;[0m                                           &amp#27;[90m# com.example.steps.RegistStep.iClickRegisterButton()&amp#27;[0m
  &amp#27;[32mThen &amp#27;[0m&amp#27;[32mI will get the &amp#27;[0m&amp#27;[32m&amp#27;[1m"failed regist"&amp#27;[0m                                   &amp#27;[90m# com.example.steps.RegistStep.iWillGetThe(java.lang.String)&amp#27;[0m
]]></system-out>
    <system-err><![CDATA[[main] INFO io.cucumber.core.plugin.SerenityReporter - Running feature from file:///D:/File%20Baru/Kuliah/Quality%20Engineer/File%20Transit%20QE/MiniProject/Mobile/sample-mobile-automation/src/test/resources/features/altaStore/a_Regist.feature
[main] WARN io.cucumber.core.plugin.SerenityReporter - Feature from file:///D:/File%20Baru/Kuliah/Quality%20Engineer/File%20Transit%20QE/MiniProject/Mobile/sample-mobile-automation/src/test/resources/features/altaStore/a_Regist.feature is not under the 'features' directory. Requirements report will not be correctly generated!
Nov 02, 2022 11:19:01 PM io.appium.java_client.remote.AppiumCommandExecutor$1 lambda$0
INFO: Detected dialect: W3C
]]></system-err>
  </testcase>
  <testcase name="Regist with nama lengkap, email, and password #25" classname="Register Account" time="29.965">
    <system-out><![CDATA[
Scenario Outline: Regist with nama lengkap, email, and password          &amp#27;[90m# src/test/resources/features/altaStore/a_Regist.feature:37&amp#27;[0m
  &amp#27;[32mGiven &amp#27;[0m&amp#27;[32mI am on the register page&amp#27;[0m                                        &amp#27;[90m# com.example.steps.RegistStep.iAmOnTheRegisterPage()&amp#27;[0m
  &amp#27;[32mWhen &amp#27;[0m&amp#27;[32mI input &amp#27;[0m&amp#27;[32m&amp#27;[1m"valid"&amp#27;[0m&amp#27;[32m nama lengkap &amp#27;[0m&amp#27;[32m&amp#27;[1m"random"&amp#27;[0m&amp#27;[32m email and &amp#27;[0m&amp#27;[32m&amp#27;[1m"random"&amp#27;[0m&amp#27;[32m password&amp#27;[0m &amp#27;[90m# com.example.steps.RegistStep.iInputNamaLengkapAndPassword(java.lang.String,java.lang.String,java.lang.String)&amp#27;[0m
  &amp#27;[32mAnd &amp#27;[0m&amp#27;[32mI click register button&amp#27;[0m                                            &amp#27;[90m# com.example.steps.RegistStep.iClickRegisterButton()&amp#27;[0m
  &amp#27;[32mThen &amp#27;[0m&amp#27;[32mI will get the &amp#27;[0m&amp#27;[32m&amp#27;[1m"success"&amp#27;[0m                                          &amp#27;[90m# com.example.steps.RegistStep.iWillGetThe(java.lang.String)&amp#27;[0m
]]></system-out>
    <system-err><![CDATA[[main] INFO io.cucumber.core.plugin.SerenityReporter - Running feature from file:///D:/File%20Baru/Kuliah/Quality%20Engineer/File%20Transit%20QE/MiniProject/Mobile/sample-mobile-automation/src/test/resources/features/altaStore/a_Regist.feature
[main] WARN io.cucumber.core.plugin.SerenityReporter - Feature from file:///D:/File%20Baru/Kuliah/Quality%20Engineer/File%20Transit%20QE/MiniProject/Mobile/sample-mobile-automation/src/test/resources/features/altaStore/a_Regist.feature is not under the 'features' directory. Requirements report will not be correctly generated!
Nov 02, 2022 11:19:31 PM io.appium.java_client.remote.AppiumCommandExecutor$1 lambda$0
INFO: Detected dialect: W3C
]]></system-err>
  </testcase>
  <testcase name="Regist with nama lengkap, email, and password #26" classname="Register Account" time="28.646">
    <system-out><![CDATA[
Scenario Outline: Regist with nama lengkap, email, and password          &amp#27;[90m# src/test/resources/features/altaStore/a_Regist.feature:38&amp#27;[0m
  &amp#27;[32mGiven &amp#27;[0m&amp#27;[32mI am on the register page&amp#27;[0m                                        &amp#27;[90m# com.example.steps.RegistStep.iAmOnTheRegisterPage()&amp#27;[0m
  &amp#27;[32mWhen &amp#27;[0m&amp#27;[32mI input &amp#27;[0m&amp#27;[32m&amp#27;[1m"random"&amp#27;[0m&amp#27;[32m nama lengkap &amp#27;[0m&amp#27;[32m&amp#27;[1m"valid"&amp#27;[0m&amp#27;[32m email and &amp#27;[0m&amp#27;[32m&amp#27;[1m"random"&amp#27;[0m&amp#27;[32m password&amp#27;[0m &amp#27;[90m# com.example.steps.RegistStep.iInputNamaLengkapAndPassword(java.lang.String,java.lang.String,java.lang.String)&amp#27;[0m
  &amp#27;[32mAnd &amp#27;[0m&amp#27;[32mI click register button&amp#27;[0m                                            &amp#27;[90m# com.example.steps.RegistStep.iClickRegisterButton()&amp#27;[0m
  &amp#27;[32mThen &amp#27;[0m&amp#27;[32mI will get the &amp#27;[0m&amp#27;[32m&amp#27;[1m"failed regist"&amp#27;[0m                                    &amp#27;[90m# com.example.steps.RegistStep.iWillGetThe(java.lang.String)&amp#27;[0m
]]></system-out>
    <system-err><![CDATA[[main] INFO io.cucumber.core.plugin.SerenityReporter - Running feature from file:///D:/File%20Baru/Kuliah/Quality%20Engineer/File%20Transit%20QE/MiniProject/Mobile/sample-mobile-automation/src/test/resources/features/altaStore/a_Regist.feature
[main] WARN io.cucumber.core.plugin.SerenityReporter - Feature from file:///D:/File%20Baru/Kuliah/Quality%20Engineer/File%20Transit%20QE/MiniProject/Mobile/sample-mobile-automation/src/test/resources/features/altaStore/a_Regist.feature is not under the 'features' directory. Requirements report will not be correctly generated!
Nov 02, 2022 11:20:00 PM io.appium.java_client.remote.AppiumCommandExecutor$1 lambda$0
INFO: Detected dialect: W3C
]]></system-err>
  </testcase>
  <testcase name="Regist with nama lengkap, email, and password #27" classname="Register Account" time="32.967">
    <system-out><![CDATA[
Scenario Outline: Regist with nama lengkap, email, and password          &amp#27;[90m# src/test/resources/features/altaStore/a_Regist.feature:39&amp#27;[0m
  &amp#27;[32mGiven &amp#27;[0m&amp#27;[32mI am on the register page&amp#27;[0m                                        &amp#27;[90m# com.example.steps.RegistStep.iAmOnTheRegisterPage()&amp#27;[0m
  &amp#27;[32mWhen &amp#27;[0m&amp#27;[32mI input &amp#27;[0m&amp#27;[32m&amp#27;[1m"random"&amp#27;[0m&amp#27;[32m nama lengkap &amp#27;[0m&amp#27;[32m&amp#27;[1m"random"&amp#27;[0m&amp#27;[32m email and &amp#27;[0m&amp#27;[32m&amp#27;[1m"valid"&amp#27;[0m&amp#27;[32m password&amp#27;[0m &amp#27;[90m# com.example.steps.RegistStep.iInputNamaLengkapAndPassword(java.lang.String,java.lang.String,java.lang.String)&amp#27;[0m
  &amp#27;[32mAnd &amp#27;[0m&amp#27;[32mI click register button&amp#27;[0m                                            &amp#27;[90m# com.example.steps.RegistStep.iClickRegisterButton()&amp#27;[0m
  &amp#27;[32mThen &amp#27;[0m&amp#27;[32mI will get the &amp#27;[0m&amp#27;[32m&amp#27;[1m"success"&amp#27;[0m                                          &amp#27;[90m# com.example.steps.RegistStep.iWillGetThe(java.lang.String)&amp#27;[0m
]]></system-out>
    <system-err><![CDATA[[main] INFO io.cucumber.core.plugin.SerenityReporter - Running feature from file:///D:/File%20Baru/Kuliah/Quality%20Engineer/File%20Transit%20QE/MiniProject/Mobile/sample-mobile-automation/src/test/resources/features/altaStore/a_Regist.feature
[main] WARN io.cucumber.core.plugin.SerenityReporter - Feature from file:///D:/File%20Baru/Kuliah/Quality%20Engineer/File%20Transit%20QE/MiniProject/Mobile/sample-mobile-automation/src/test/resources/features/altaStore/a_Regist.feature is not under the 'features' directory. Requirements report will not be correctly generated!
Nov 02, 2022 11:20:33 PM io.appium.java_client.remote.AppiumCommandExecutor$1 lambda$0
INFO: Detected dialect: W3C
]]></system-err>
  </testcase>
  <testcase name="Login with email and Password #1" classname="Login Account" time="26.485">
    <system-out><![CDATA[
Scenario Outline: Login with email and Password &amp#27;[90m# src/test/resources/features/altaStore/b_Login.feature:13&amp#27;[0m
  &amp#27;[32mGiven &amp#27;[0m&amp#27;[32mI am on the login page&amp#27;[0m                  &amp#27;[90m# com.example.steps.LoginStep.iAmOnTheLoginPage()&amp#27;[0m
  &amp#27;[32mWhen &amp#27;[0m&amp#27;[32mI input &amp#27;[0m&amp#27;[32m&amp#27;[1m"valid"&amp#27;[0m&amp#27;[32m email &amp#27;[0m&amp#27;[32m&amp#27;[1m"valid"&amp#27;[0m&amp#27;[32m password&amp#27;[0m   &amp#27;[90m# com.example.steps.LoginStep.iInputEmailPassword(java.lang.String,java.lang.String)&amp#27;[0m
  &amp#27;[32mAnd &amp#27;[0m&amp#27;[32mI click Login button&amp#27;[0m                      &amp#27;[90m# com.example.steps.LoginStep.iClickLoginButton()&amp#27;[0m
  &amp#27;[32mThen &amp#27;[0m&amp#27;[32mI will get the &amp#27;[0m&amp#27;[32m&amp#27;[1m"success"&amp#27;[0m                 &amp#27;[90m# com.example.steps.RegistStep.iWillGetThe(java.lang.String)&amp#27;[0m
]]></system-out>
    <system-err><![CDATA[[main] INFO io.cucumber.core.plugin.SerenityReporter - Running feature from file:///D:/File%20Baru/Kuliah/Quality%20Engineer/File%20Transit%20QE/MiniProject/Mobile/sample-mobile-automation/src/test/resources/features/altaStore/b_Login.feature
[main] WARN io.cucumber.core.plugin.SerenityReporter - Feature from file:///D:/File%20Baru/Kuliah/Quality%20Engineer/File%20Transit%20QE/MiniProject/Mobile/sample-mobile-automation/src/test/resources/features/altaStore/b_Login.feature is not under the 'features' directory. Requirements report will not be correctly generated!
[main] INFO  - 
 _____ _____ ____ _____   ____ _____  _    ____ _____ _____ ____  
|_   _| ____/ ___|_   _| / ___|_   _|/ \  |  _ \_   _| ____|  _ \ 
  | | |  _| \___ \ | |   \___ \ | | / _ \ | |_) || | |  _| | | | |
  | | | |___ ___) || |    ___) || |/ ___ \|  _ < | | | |___| |_| |
  |_| |_____|____/ |_|   |____/ |_/_/   \_\_| \_\|_| |_____|____/ 

Login with email and Password(login-account;login-with-email-and-password)
-------------------------------------------------------------------
Nov 02, 2022 11:21:03 PM io.appium.java_client.remote.AppiumCommandExecutor$1 lambda$0
INFO: Detected dialect: W3C
[main] INFO  - 
        __    _____ _____ ____ _____   ____   _    ____  ____  _____ ____  
  _     \ \  |_   _| ____/ ___|_   _| |  _ \ / \  / ___|/ ___|| ____|  _ \ 
 (_)_____| |   | | |  _| \___ \ | |   | |_) / _ \ \___ \\___ \|  _| | | | |
  _|_____| |   | | | |___ ___) || |   |  __/ ___ \ ___) |___) | |___| |_| |
 (_)     | |   |_| |_____|____/ |_|   |_| /_/   \_\____/|____/|_____|____/ 
        /_/                                                                

Login with email and Password
----------------------------------------------------------------------------
]]></system-err>
  </testcase>
  <testcase name="Login with email and Password #2" classname="Login Account" time="23.756">
    <system-out><![CDATA[
Scenario Outline: Login with email and Password &amp#27;[90m# src/test/resources/features/altaStore/b_Login.feature:14&amp#27;[0m
  &amp#27;[32mGiven &amp#27;[0m&amp#27;[32mI am on the login page&amp#27;[0m                  &amp#27;[90m# com.example.steps.LoginStep.iAmOnTheLoginPage()&amp#27;[0m
  &amp#27;[32mWhen &amp#27;[0m&amp#27;[32mI input &amp#27;[0m&amp#27;[32m&amp#27;[1m"random"&amp#27;[0m&amp#27;[32m email &amp#27;[0m&amp#27;[32m&amp#27;[1m"valid"&amp#27;[0m&amp#27;[32m password&amp#27;[0m  &amp#27;[90m# com.example.steps.LoginStep.iInputEmailPassword(java.lang.String,java.lang.String)&amp#27;[0m
  &amp#27;[32mAnd &amp#27;[0m&amp#27;[32mI click Login button&amp#27;[0m                      &amp#27;[90m# com.example.steps.LoginStep.iClickLoginButton()&amp#27;[0m
  &amp#27;[32mThen &amp#27;[0m&amp#27;[32mI will get the &amp#27;[0m&amp#27;[32m&amp#27;[1m"failed message"&amp#27;[0m          &amp#27;[90m# com.example.steps.RegistStep.iWillGetThe(java.lang.String)&amp#27;[0m
]]></system-out>
    <system-err><![CDATA[[main] INFO io.cucumber.core.plugin.SerenityReporter - Running feature from file:///D:/File%20Baru/Kuliah/Quality%20Engineer/File%20Transit%20QE/MiniProject/Mobile/sample-mobile-automation/src/test/resources/features/altaStore/b_Login.feature
[main] WARN io.cucumber.core.plugin.SerenityReporter - Feature from file:///D:/File%20Baru/Kuliah/Quality%20Engineer/File%20Transit%20QE/MiniProject/Mobile/sample-mobile-automation/src/test/resources/features/altaStore/b_Login.feature is not under the 'features' directory. Requirements report will not be correctly generated!
Nov 02, 2022 11:21:28 PM io.appium.java_client.remote.AppiumCommandExecutor$1 lambda$0
INFO: Detected dialect: W3C
[main] INFO  - 
        __    _____ _____ ____ _____   ____   _    ____  ____  _____ ____  
  _     \ \  |_   _| ____/ ___|_   _| |  _ \ / \  / ___|/ ___|| ____|  _ \ 
 (_)_____| |   | | |  _| \___ \ | |   | |_) / _ \ \___ \\___ \|  _| | | | |
  _|_____| |   | | | |___ ___) || |   |  __/ ___ \ ___) |___) | |___| |_| |
 (_)     | |   |_| |_____|____/ |_|   |_| /_/   \_\____/|____/|_____|____/ 
        /_/                                                                

Login with email and Password
----------------------------------------------------------------------------
]]></system-err>
  </testcase>
  <testcase name="Login with email and Password #3" classname="Login Account" time="25.605">
    <system-out><![CDATA[
Scenario Outline: Login with email and Password &amp#27;[90m# src/test/resources/features/altaStore/b_Login.feature:15&amp#27;[0m
  &amp#27;[32mGiven &amp#27;[0m&amp#27;[32mI am on the login page&amp#27;[0m                  &amp#27;[90m# com.example.steps.LoginStep.iAmOnTheLoginPage()&amp#27;[0m
  &amp#27;[32mWhen &amp#27;[0m&amp#27;[32mI input &amp#27;[0m&amp#27;[32m&amp#27;[1m"valid"&amp#27;[0m&amp#27;[32m email &amp#27;[0m&amp#27;[32m&amp#27;[1m"random"&amp#27;[0m&amp#27;[32m password&amp#27;[0m  &amp#27;[90m# com.example.steps.LoginStep.iInputEmailPassword(java.lang.String,java.lang.String)&amp#27;[0m
  &amp#27;[32mAnd &amp#27;[0m&amp#27;[32mI click Login button&amp#27;[0m                      &amp#27;[90m# com.example.steps.LoginStep.iClickLoginButton()&amp#27;[0m
  &amp#27;[32mThen &amp#27;[0m&amp#27;[32mI will get the &amp#27;[0m&amp#27;[32m&amp#27;[1m"failed message"&amp#27;[0m          &amp#27;[90m# com.example.steps.RegistStep.iWillGetThe(java.lang.String)&amp#27;[0m
]]></system-out>
    <system-err><![CDATA[[main] INFO io.cucumber.core.plugin.SerenityReporter - Running feature from file:///D:/File%20Baru/Kuliah/Quality%20Engineer/File%20Transit%20QE/MiniProject/Mobile/sample-mobile-automation/src/test/resources/features/altaStore/b_Login.feature
[main] WARN io.cucumber.core.plugin.SerenityReporter - Feature from file:///D:/File%20Baru/Kuliah/Quality%20Engineer/File%20Transit%20QE/MiniProject/Mobile/sample-mobile-automation/src/test/resources/features/altaStore/b_Login.feature is not under the 'features' directory. Requirements report will not be correctly generated!
Nov 02, 2022 11:21:55 PM io.appium.java_client.remote.AppiumCommandExecutor$1 lambda$0
INFO: Detected dialect: W3C
]]></system-err>
  </testcase>
  <testcase name="Login with email and Password #4" classname="Login Account" time="26.829">
    <system-out><![CDATA[
Scenario Outline: Login with email and Password &amp#27;[90m# src/test/resources/features/altaStore/b_Login.feature:16&amp#27;[0m
  &amp#27;[32mGiven &amp#27;[0m&amp#27;[32mI am on the login page&amp#27;[0m                  &amp#27;[90m# com.example.steps.LoginStep.iAmOnTheLoginPage()&amp#27;[0m
  &amp#27;[32mWhen &amp#27;[0m&amp#27;[32mI input &amp#27;[0m&amp#27;[32m&amp#27;[1m"random"&amp#27;[0m&amp#27;[32m email &amp#27;[0m&amp#27;[32m&amp#27;[1m"random"&amp#27;[0m&amp#27;[32m password&amp#27;[0m &amp#27;[90m# com.example.steps.LoginStep.iInputEmailPassword(java.lang.String,java.lang.String)&amp#27;[0m
  &amp#27;[32mAnd &amp#27;[0m&amp#27;[32mI click Login button&amp#27;[0m                      &amp#27;[90m# com.example.steps.LoginStep.iClickLoginButton()&amp#27;[0m
  &amp#27;[32mThen &amp#27;[0m&amp#27;[32mI will get the &amp#27;[0m&amp#27;[32m&amp#27;[1m"failed message"&amp#27;[0m          &amp#27;[90m# com.example.steps.RegistStep.iWillGetThe(java.lang.String)&amp#27;[0m
]]></system-out>
    <system-err><![CDATA[[main] INFO io.cucumber.core.plugin.SerenityReporter - Running feature from file:///D:/File%20Baru/Kuliah/Quality%20Engineer/File%20Transit%20QE/MiniProject/Mobile/sample-mobile-automation/src/test/resources/features/altaStore/b_Login.feature
[main] WARN io.cucumber.core.plugin.SerenityReporter - Feature from file:///D:/File%20Baru/Kuliah/Quality%20Engineer/File%20Transit%20QE/MiniProject/Mobile/sample-mobile-automation/src/test/resources/features/altaStore/b_Login.feature is not under the 'features' directory. Requirements report will not be correctly generated!
Nov 02, 2022 11:22:21 PM io.appium.java_client.remote.AppiumCommandExecutor$1 lambda$0
INFO: Detected dialect: W3C
]]></system-err>
  </testcase>
  <testcase name="Login with email and Password #5" classname="Login Account" time="22.159">
    <system-out><![CDATA[
Scenario Outline: Login with email and Password &amp#27;[90m# src/test/resources/features/altaStore/b_Login.feature:17&amp#27;[0m
  &amp#27;[32mGiven &amp#27;[0m&amp#27;[32mI am on the login page&amp#27;[0m                  &amp#27;[90m# com.example.steps.LoginStep.iAmOnTheLoginPage()&amp#27;[0m
  &amp#27;[32mWhen &amp#27;[0m&amp#27;[32mI input &amp#27;[0m&amp#27;[32m&amp#27;[1m"null"&amp#27;[0m&amp#27;[32m email &amp#27;[0m&amp#27;[32m&amp#27;[1m"null"&amp#27;[0m&amp#27;[32m password&amp#27;[0m     &amp#27;[90m# com.example.steps.LoginStep.iInputEmailPassword(java.lang.String,java.lang.String)&amp#27;[0m
  &amp#27;[32mAnd &amp#27;[0m&amp#27;[32mI click Login button&amp#27;[0m                      &amp#27;[90m# com.example.steps.LoginStep.iClickLoginButton()&amp#27;[0m
  &amp#27;[32mThen &amp#27;[0m&amp#27;[32mI will get the &amp#27;[0m&amp#27;[32m&amp#27;[1m"Must Fill 23"&amp#27;[0m            &amp#27;[90m# com.example.steps.RegistStep.iWillGetThe(java.lang.String)&amp#27;[0m
]]></system-out>
    <system-err><![CDATA[[main] INFO io.cucumber.core.plugin.SerenityReporter - Running feature from file:///D:/File%20Baru/Kuliah/Quality%20Engineer/File%20Transit%20QE/MiniProject/Mobile/sample-mobile-automation/src/test/resources/features/altaStore/b_Login.feature
[main] WARN io.cucumber.core.plugin.SerenityReporter - Feature from file:///D:/File%20Baru/Kuliah/Quality%20Engineer/File%20Transit%20QE/MiniProject/Mobile/sample-mobile-automation/src/test/resources/features/altaStore/b_Login.feature is not under the 'features' directory. Requirements report will not be correctly generated!
Nov 02, 2022 11:22:44 PM io.appium.java_client.remote.AppiumCommandExecutor$1 lambda$0
INFO: Detected dialect: W3C
]]></system-err>
  </testcase>
  <testcase name="Login with email and Password #6" classname="Login Account" time="21.699">
    <system-out><![CDATA[
Scenario Outline: Login with email and Password &amp#27;[90m# src/test/resources/features/altaStore/b_Login.feature:18&amp#27;[0m
  &amp#27;[32mGiven &amp#27;[0m&amp#27;[32mI am on the login page&amp#27;[0m                  &amp#27;[90m# com.example.steps.LoginStep.iAmOnTheLoginPage()&amp#27;[0m
  &amp#27;[32mWhen &amp#27;[0m&amp#27;[32mI input &amp#27;[0m&amp#27;[32m&amp#27;[1m"random"&amp#27;[0m&amp#27;[32m email &amp#27;[0m&amp#27;[32m&amp#27;[1m"null"&amp#27;[0m&amp#27;[32m password&amp#27;[0m   &amp#27;[90m# com.example.steps.LoginStep.iInputEmailPassword(java.lang.String,java.lang.String)&amp#27;[0m
  &amp#27;[32mAnd &amp#27;[0m&amp#27;[32mI click Login button&amp#27;[0m                      &amp#27;[90m# com.example.steps.LoginStep.iClickLoginButton()&amp#27;[0m
  &amp#27;[32mThen &amp#27;[0m&amp#27;[32mI will get the &amp#27;[0m&amp#27;[32m&amp#27;[1m"Must Fill 3"&amp#27;[0m             &amp#27;[90m# com.example.steps.RegistStep.iWillGetThe(java.lang.String)&amp#27;[0m
]]></system-out>
    <system-err><![CDATA[[main] INFO io.cucumber.core.plugin.SerenityReporter - Running feature from file:///D:/File%20Baru/Kuliah/Quality%20Engineer/File%20Transit%20QE/MiniProject/Mobile/sample-mobile-automation/src/test/resources/features/altaStore/b_Login.feature
[main] WARN io.cucumber.core.plugin.SerenityReporter - Feature from file:///D:/File%20Baru/Kuliah/Quality%20Engineer/File%20Transit%20QE/MiniProject/Mobile/sample-mobile-automation/src/test/resources/features/altaStore/b_Login.feature is not under the 'features' directory. Requirements report will not be correctly generated!
Nov 02, 2022 11:23:05 PM io.appium.java_client.remote.AppiumCommandExecutor$1 lambda$0
INFO: Detected dialect: W3C
]]></system-err>
  </testcase>
  <testcase name="Login with email and Password #7" classname="Login Account" time="25.006">
    <system-out><![CDATA[
Scenario Outline: Login with email and Password &amp#27;[90m# src/test/resources/features/altaStore/b_Login.feature:19&amp#27;[0m
  &amp#27;[32mGiven &amp#27;[0m&amp#27;[32mI am on the login page&amp#27;[0m                  &amp#27;[90m# com.example.steps.LoginStep.iAmOnTheLoginPage()&amp#27;[0m
  &amp#27;[32mWhen &amp#27;[0m&amp#27;[32mI input &amp#27;[0m&amp#27;[32m&amp#27;[1m"null"&amp#27;[0m&amp#27;[32m email &amp#27;[0m&amp#27;[32m&amp#27;[1m"random"&amp#27;[0m&amp#27;[32m password&amp#27;[0m   &amp#27;[90m# com.example.steps.LoginStep.iInputEmailPassword(java.lang.String,java.lang.String)&amp#27;[0m
  &amp#27;[32mAnd &amp#27;[0m&amp#27;[32mI click Login button&amp#27;[0m                      &amp#27;[90m# com.example.steps.LoginStep.iClickLoginButton()&amp#27;[0m
  &amp#27;[32mThen &amp#27;[0m&amp#27;[32mI will get the &amp#27;[0m&amp#27;[32m&amp#27;[1m"Must Fill 2"&amp#27;[0m             &amp#27;[90m# com.example.steps.RegistStep.iWillGetThe(java.lang.String)&amp#27;[0m
]]></system-out>
    <system-err><![CDATA[[main] INFO io.cucumber.core.plugin.SerenityReporter - Running feature from file:///D:/File%20Baru/Kuliah/Quality%20Engineer/File%20Transit%20QE/MiniProject/Mobile/sample-mobile-automation/src/test/resources/features/altaStore/b_Login.feature
[main] WARN io.cucumber.core.plugin.SerenityReporter - Feature from file:///D:/File%20Baru/Kuliah/Quality%20Engineer/File%20Transit%20QE/MiniProject/Mobile/sample-mobile-automation/src/test/resources/features/altaStore/b_Login.feature is not under the 'features' directory. Requirements report will not be correctly generated!
Nov 02, 2022 11:23:30 PM io.appium.java_client.remote.AppiumCommandExecutor$1 lambda$0
INFO: Detected dialect: W3C
]]></system-err>
  </testcase>
  <testcase name="Login with email and Password #8" classname="Login Account" time="23.763">
    <system-out><![CDATA[
Scenario Outline: Login with email and Password &amp#27;[90m# src/test/resources/features/altaStore/b_Login.feature:20&amp#27;[0m
  &amp#27;[32mGiven &amp#27;[0m&amp#27;[32mI am on the login page&amp#27;[0m                  &amp#27;[90m# com.example.steps.LoginStep.iAmOnTheLoginPage()&amp#27;[0m
  &amp#27;[32mWhen &amp#27;[0m&amp#27;[32mI input &amp#27;[0m&amp#27;[32m&amp#27;[1m"valid"&amp#27;[0m&amp#27;[32m email &amp#27;[0m&amp#27;[32m&amp#27;[1m"null"&amp#27;[0m&amp#27;[32m password&amp#27;[0m    &amp#27;[90m# com.example.steps.LoginStep.iInputEmailPassword(java.lang.String,java.lang.String)&amp#27;[0m
  &amp#27;[32mAnd &amp#27;[0m&amp#27;[32mI click Login button&amp#27;[0m                      &amp#27;[90m# com.example.steps.LoginStep.iClickLoginButton()&amp#27;[0m
  &amp#27;[32mThen &amp#27;[0m&amp#27;[32mI will get the &amp#27;[0m&amp#27;[32m&amp#27;[1m"Must Fill 3"&amp#27;[0m             &amp#27;[90m# com.example.steps.RegistStep.iWillGetThe(java.lang.String)&amp#27;[0m
]]></system-out>
    <system-err><![CDATA[[main] INFO io.cucumber.core.plugin.SerenityReporter - Running feature from file:///D:/File%20Baru/Kuliah/Quality%20Engineer/File%20Transit%20QE/MiniProject/Mobile/sample-mobile-automation/src/test/resources/features/altaStore/b_Login.feature
[main] WARN io.cucumber.core.plugin.SerenityReporter - Feature from file:///D:/File%20Baru/Kuliah/Quality%20Engineer/File%20Transit%20QE/MiniProject/Mobile/sample-mobile-automation/src/test/resources/features/altaStore/b_Login.feature is not under the 'features' directory. Requirements report will not be correctly generated!
Nov 02, 2022 11:23:54 PM io.appium.java_client.remote.AppiumCommandExecutor$1 lambda$0
INFO: Detected dialect: W3C
]]></system-err>
  </testcase>
  <testcase name="Login with email and Password #9" classname="Login Account" time="29.753">
    <system-out><![CDATA[
Scenario Outline: Login with email and Password &amp#27;[90m# src/test/resources/features/altaStore/b_Login.feature:21&amp#27;[0m
  &amp#27;[32mGiven &amp#27;[0m&amp#27;[32mI am on the login page&amp#27;[0m                  &amp#27;[90m# com.example.steps.LoginStep.iAmOnTheLoginPage()&amp#27;[0m
  &amp#27;[32mWhen &amp#27;[0m&amp#27;[32mI input &amp#27;[0m&amp#27;[32m&amp#27;[1m"null"&amp#27;[0m&amp#27;[32m email &amp#27;[0m&amp#27;[32m&amp#27;[1m"valid"&amp#27;[0m&amp#27;[32m password&amp#27;[0m    &amp#27;[90m# com.example.steps.LoginStep.iInputEmailPassword(java.lang.String,java.lang.String)&amp#27;[0m
  &amp#27;[32mAnd &amp#27;[0m&amp#27;[32mI click Login button&amp#27;[0m                      &amp#27;[90m# com.example.steps.LoginStep.iClickLoginButton()&amp#27;[0m
  &amp#27;[32mThen &amp#27;[0m&amp#27;[32mI will get the &amp#27;[0m&amp#27;[32m&amp#27;[1m"Must Fill 2"&amp#27;[0m             &amp#27;[90m# com.example.steps.RegistStep.iWillGetThe(java.lang.String)&amp#27;[0m
]]></system-out>
    <system-err><![CDATA[[main] INFO io.cucumber.core.plugin.SerenityReporter - Running feature from file:///D:/File%20Baru/Kuliah/Quality%20Engineer/File%20Transit%20QE/MiniProject/Mobile/sample-mobile-automation/src/test/resources/features/altaStore/b_Login.feature
[main] WARN io.cucumber.core.plugin.SerenityReporter - Feature from file:///D:/File%20Baru/Kuliah/Quality%20Engineer/File%20Transit%20QE/MiniProject/Mobile/sample-mobile-automation/src/test/resources/features/altaStore/b_Login.feature is not under the 'features' directory. Requirements report will not be correctly generated!
Nov 02, 2022 11:24:23 PM io.appium.java_client.remote.AppiumCommandExecutor$1 lambda$0
INFO: Detected dialect: W3C
]]></system-err>
  </testcase>
  <testcase name="Add one product #1" classname="Add Product To Cart" time="27.9">
    <system-out><![CDATA[
Scenario Outline: Add one product            &amp#27;[90m# src/test/resources/features/altaStore/c_AddProductToCart.feature:12&amp#27;[0m
  &amp#27;[32mGiven &amp#27;[0m&amp#27;[32mI have login on Alta Store&amp#27;[0m           &amp#27;[90m# com.example.steps.LogoutStep.iHaveLoginOnAltaStore()&amp#27;[0m
  &amp#27;[32mWhen &amp#27;[0m&amp#27;[32mI click buy on the &amp#27;[0m&amp#27;[32m&amp#27;[1m"1"&amp#27;[0m&amp#27;[32m product&amp#27;[0m        &amp#27;[90m# com.example.steps.AddProductStep.iClickBuyOnTheProduct(java.lang.String)&amp#27;[0m
  &amp#27;[32mThen &amp#27;[0m&amp#27;[32mI will see the &amp#27;[0m&amp#27;[32m&amp#27;[1m"1"&amp#27;[0m&amp#27;[32m number on the cart&amp#27;[0m &amp#27;[90m# com.example.steps.AddProductStep.iWillSeeTheNumberOnTheCart(java.lang.String)&amp#27;[0m
]]></system-out>
    <system-err><![CDATA[[main] INFO io.cucumber.core.plugin.SerenityReporter - Running feature from file:///D:/File%20Baru/Kuliah/Quality%20Engineer/File%20Transit%20QE/MiniProject/Mobile/sample-mobile-automation/src/test/resources/features/altaStore/c_AddProductToCart.feature
[main] WARN io.cucumber.core.plugin.SerenityReporter - Feature from file:///D:/File%20Baru/Kuliah/Quality%20Engineer/File%20Transit%20QE/MiniProject/Mobile/sample-mobile-automation/src/test/resources/features/altaStore/c_AddProductToCart.feature is not under the 'features' directory. Requirements report will not be correctly generated!
[main] INFO  - 
 _____ _____ ____ _____   ____ _____  _    ____ _____ _____ ____  
|_   _| ____/ ___|_   _| / ___|_   _|/ \  |  _ \_   _| ____|  _ \ 
  | | |  _| \___ \ | |   \___ \ | | / _ \ | |_) || | |  _| | | | |
  | | | |___ ___) || |    ___) || |/ ___ \|  _ < | | | |___| |_| |
  |_| |_____|____/ |_|   |____/ |_/_/   \_\_| \_\|_| |_____|____/ 

Add one product(add-product-to-cart;add-one-product)
-------------------------------------------------------------------
Nov 02, 2022 11:24:47 PM io.appium.java_client.remote.AppiumCommandExecutor$1 lambda$0
INFO: Detected dialect: W3C
[main] INFO  - 
        __    _____ _____ ____ _____   ____   _    ____  ____  _____ ____  
  _     \ \  |_   _| ____/ ___|_   _| |  _ \ / \  / ___|/ ___|| ____|  _ \ 
 (_)_____| |   | | |  _| \___ \ | |   | |_) / _ \ \___ \\___ \|  _| | | | |
  _|_____| |   | | | |___ ___) || |   |  __/ ___ \ ___) |___) | |___| |_| |
 (_)     | |   |_| |_____|____/ |_|   |_| /_/   \_\____/|____/|_____|____/ 
        /_/                                                                

Add one product
----------------------------------------------------------------------------
]]></system-err>
  </testcase>
  <testcase name="Add one product #2" classname="Add Product To Cart" time="40.966">
    <system-out><![CDATA[
Scenario Outline: Add one product            &amp#27;[90m# src/test/resources/features/altaStore/c_AddProductToCart.feature:13&amp#27;[0m
  &amp#27;[32mGiven &amp#27;[0m&amp#27;[32mI have login on Alta Store&amp#27;[0m           &amp#27;[90m# com.example.steps.LogoutStep.iHaveLoginOnAltaStore()&amp#27;[0m
  &amp#27;[32mWhen &amp#27;[0m&amp#27;[32mI click buy on the &amp#27;[0m&amp#27;[32m&amp#27;[1m"2"&amp#27;[0m&amp#27;[32m product&amp#27;[0m        &amp#27;[90m# com.example.steps.AddProductStep.iClickBuyOnTheProduct(java.lang.String)&amp#27;[0m
  &amp#27;[32mThen &amp#27;[0m&amp#27;[32mI will see the &amp#27;[0m&amp#27;[32m&amp#27;[1m"2"&amp#27;[0m&amp#27;[32m number on the cart&amp#27;[0m &amp#27;[90m# com.example.steps.AddProductStep.iWillSeeTheNumberOnTheCart(java.lang.String)&amp#27;[0m
]]></system-out>
    <system-err><![CDATA[[main] INFO io.cucumber.core.plugin.SerenityReporter - Running feature from file:///D:/File%20Baru/Kuliah/Quality%20Engineer/File%20Transit%20QE/MiniProject/Mobile/sample-mobile-automation/src/test/resources/features/altaStore/c_AddProductToCart.feature
[main] WARN io.cucumber.core.plugin.SerenityReporter - Feature from file:///D:/File%20Baru/Kuliah/Quality%20Engineer/File%20Transit%20QE/MiniProject/Mobile/sample-mobile-automation/src/test/resources/features/altaStore/c_AddProductToCart.feature is not under the 'features' directory. Requirements report will not be correctly generated!
Nov 02, 2022 11:25:23 PM io.appium.java_client.remote.AppiumCommandExecutor$1 lambda$0
INFO: Detected dialect: W3C
[main] INFO  - 
        __    _____ _____ ____ _____   ____   _    ____  ____  _____ ____  
  _     \ \  |_   _| ____/ ___|_   _| |  _ \ / \  / ___|/ ___|| ____|  _ \ 
 (_)_____| |   | | |  _| \___ \ | |   | |_) / _ \ \___ \\___ \|  _| | | | |
  _|_____| |   | | | |___ ___) || |   |  __/ ___ \ ___) |___) | |___| |_| |
 (_)     | |   |_| |_____|____/ |_|   |_| /_/   \_\____/|____/|_____|____/ 
        /_/                                                                

Add one product
----------------------------------------------------------------------------
]]></system-err>
  </testcase>
  <testcase name="Add one product #3" classname="Add Product To Cart" time="35.364">
    <system-out><![CDATA[
Scenario Outline: Add one product            &amp#27;[90m# src/test/resources/features/altaStore/c_AddProductToCart.feature:14&amp#27;[0m
  &amp#27;[32mGiven &amp#27;[0m&amp#27;[32mI have login on Alta Store&amp#27;[0m           &amp#27;[90m# com.example.steps.LogoutStep.iHaveLoginOnAltaStore()&amp#27;[0m
  &amp#27;[32mWhen &amp#27;[0m&amp#27;[32mI click buy on the &amp#27;[0m&amp#27;[32m&amp#27;[1m"3"&amp#27;[0m&amp#27;[32m product&amp#27;[0m        &amp#27;[90m# com.example.steps.AddProductStep.iClickBuyOnTheProduct(java.lang.String)&amp#27;[0m
  &amp#27;[32mThen &amp#27;[0m&amp#27;[32mI will see the &amp#27;[0m&amp#27;[32m&amp#27;[1m"3"&amp#27;[0m&amp#27;[32m number on the cart&amp#27;[0m &amp#27;[90m# com.example.steps.AddProductStep.iWillSeeTheNumberOnTheCart(java.lang.String)&amp#27;[0m
]]></system-out>
    <system-err><![CDATA[[main] INFO io.cucumber.core.plugin.SerenityReporter - Running feature from file:///D:/File%20Baru/Kuliah/Quality%20Engineer/File%20Transit%20QE/MiniProject/Mobile/sample-mobile-automation/src/test/resources/features/altaStore/c_AddProductToCart.feature
[main] WARN io.cucumber.core.plugin.SerenityReporter - Feature from file:///D:/File%20Baru/Kuliah/Quality%20Engineer/File%20Transit%20QE/MiniProject/Mobile/sample-mobile-automation/src/test/resources/features/altaStore/c_AddProductToCart.feature is not under the 'features' directory. Requirements report will not be correctly generated!
Nov 02, 2022 11:26:00 PM io.appium.java_client.remote.AppiumCommandExecutor$1 lambda$0
INFO: Detected dialect: W3C
]]></system-err>
  </testcase>
  <testcase name="Add one product #4" classname="Add Product To Cart" time="34.201">
    <system-out><![CDATA[
Scenario Outline: Add one product            &amp#27;[90m# src/test/resources/features/altaStore/c_AddProductToCart.feature:15&amp#27;[0m
  &amp#27;[32mGiven &amp#27;[0m&amp#27;[32mI have login on Alta Store&amp#27;[0m           &amp#27;[90m# com.example.steps.LogoutStep.iHaveLoginOnAltaStore()&amp#27;[0m
  &amp#27;[32mWhen &amp#27;[0m&amp#27;[32mI click buy on the &amp#27;[0m&amp#27;[32m&amp#27;[1m"4"&amp#27;[0m&amp#27;[32m product&amp#27;[0m        &amp#27;[90m# com.example.steps.AddProductStep.iClickBuyOnTheProduct(java.lang.String)&amp#27;[0m
  &amp#27;[32mThen &amp#27;[0m&amp#27;[32mI will see the &amp#27;[0m&amp#27;[32m&amp#27;[1m"4"&amp#27;[0m&amp#27;[32m number on the cart&amp#27;[0m &amp#27;[90m# com.example.steps.AddProductStep.iWillSeeTheNumberOnTheCart(java.lang.String)&amp#27;[0m
]]></system-out>
    <system-err><![CDATA[[main] INFO io.cucumber.core.plugin.SerenityReporter - Running feature from file:///D:/File%20Baru/Kuliah/Quality%20Engineer/File%20Transit%20QE/MiniProject/Mobile/sample-mobile-automation/src/test/resources/features/altaStore/c_AddProductToCart.feature
[main] WARN io.cucumber.core.plugin.SerenityReporter - Feature from file:///D:/File%20Baru/Kuliah/Quality%20Engineer/File%20Transit%20QE/MiniProject/Mobile/sample-mobile-automation/src/test/resources/features/altaStore/c_AddProductToCart.feature is not under the 'features' directory. Requirements report will not be correctly generated!
Nov 02, 2022 11:26:33 PM io.appium.java_client.remote.AppiumCommandExecutor$1 lambda$0
INFO: Detected dialect: W3C
]]></system-err>
  </testcase>
  <testcase name="Add one product #5" classname="Add Product To Cart" time="36.72">
    <system-out><![CDATA[
Scenario Outline: Add one product            &amp#27;[90m# src/test/resources/features/altaStore/c_AddProductToCart.feature:16&amp#27;[0m
  &amp#27;[32mGiven &amp#27;[0m&amp#27;[32mI have login on Alta Store&amp#27;[0m           &amp#27;[90m# com.example.steps.LogoutStep.iHaveLoginOnAltaStore()&amp#27;[0m
  &amp#27;[32mWhen &amp#27;[0m&amp#27;[32mI click buy on the &amp#27;[0m&amp#27;[32m&amp#27;[1m"5"&amp#27;[0m&amp#27;[32m product&amp#27;[0m        &amp#27;[90m# com.example.steps.AddProductStep.iClickBuyOnTheProduct(java.lang.String)&amp#27;[0m
  &amp#27;[32mThen &amp#27;[0m&amp#27;[32mI will see the &amp#27;[0m&amp#27;[32m&amp#27;[1m"5"&amp#27;[0m&amp#27;[32m number on the cart&amp#27;[0m &amp#27;[90m# com.example.steps.AddProductStep.iWillSeeTheNumberOnTheCart(java.lang.String)&amp#27;[0m
]]></system-out>
    <system-err><![CDATA[[main] INFO io.cucumber.core.plugin.SerenityReporter - Running feature from file:///D:/File%20Baru/Kuliah/Quality%20Engineer/File%20Transit%20QE/MiniProject/Mobile/sample-mobile-automation/src/test/resources/features/altaStore/c_AddProductToCart.feature
[main] WARN io.cucumber.core.plugin.SerenityReporter - Feature from file:///D:/File%20Baru/Kuliah/Quality%20Engineer/File%20Transit%20QE/MiniProject/Mobile/sample-mobile-automation/src/test/resources/features/altaStore/c_AddProductToCart.feature is not under the 'features' directory. Requirements report will not be correctly generated!
Nov 02, 2022 11:27:09 PM io.appium.java_client.remote.AppiumCommandExecutor$1 lambda$0
INFO: Detected dialect: W3C
]]></system-err>
  </testcase>
  <testcase name="Logout with valid email and Password" classname="Logout Account" time="26.531">
    <system-out><![CDATA[
Scenario: Logout with valid email and Password &amp#27;[90m# src/test/resources/features/altaStore/d_Logout.feature:6&amp#27;[0m
  &amp#27;[32mGiven &amp#27;[0m&amp#27;[32mI have login on Alta Store&amp#27;[0m             &amp#27;[90m# com.example.steps.LogoutStep.iHaveLoginOnAltaStore()&amp#27;[0m
  &amp#27;[32mWhen &amp#27;[0m&amp#27;[32mI click logout icon&amp#27;[0m                     &amp#27;[90m# com.example.steps.LogoutStep.iClickLogoutIcon()&amp#27;[0m
  &amp#27;[32mThen &amp#27;[0m&amp#27;[32mI will go to login page&amp#27;[0m                 &amp#27;[90m# com.example.steps.LogoutStep.iWillGoToLoginPage()&amp#27;[0m
]]></system-out>
    <system-err><![CDATA[[main] INFO io.cucumber.core.plugin.SerenityReporter - Running feature from file:///D:/File%20Baru/Kuliah/Quality%20Engineer/File%20Transit%20QE/MiniProject/Mobile/sample-mobile-automation/src/test/resources/features/altaStore/d_Logout.feature
[main] WARN io.cucumber.core.plugin.SerenityReporter - Feature from file:///D:/File%20Baru/Kuliah/Quality%20Engineer/File%20Transit%20QE/MiniProject/Mobile/sample-mobile-automation/src/test/resources/features/altaStore/d_Logout.feature is not under the 'features' directory. Requirements report will not be correctly generated!
[main] INFO  - 
 _____ _____ ____ _____   ____ _____  _    ____ _____ _____ ____  
|_   _| ____/ ___|_   _| / ___|_   _|/ \  |  _ \_   _| ____|  _ \ 
  | | |  _| \___ \ | |   \___ \ | | / _ \ | |_) || | |  _| | | | |
  | | | |___ ___) || |    ___) || |/ ___ \|  _ < | | | |___| |_| |
  |_| |_____|____/ |_|   |____/ |_/_/   \_\_| \_\|_| |_____|____/ 

Logout with valid email and Password(logout-account;logout-with-valid-email-and-password)
-------------------------------------------------------------------
Nov 02, 2022 11:27:41 PM io.appium.java_client.remote.AppiumCommandExecutor$1 lambda$0
INFO: Detected dialect: W3C
[main] INFO  - 
        __    _____ _____ ____ _____   ____   _    ____  ____  _____ ____  
  _     \ \  |_   _| ____/ ___|_   _| |  _ \ / \  / ___|/ ___|| ____|  _ \ 
 (_)_____| |   | | |  _| \___ \ | |   | |_) / _ \ \___ \\___ \|  _| | | | |
  _|_____| |   | | | |___ ___) || |   |  __/ ___ \ ___) |___) | |___| |_| |
 (_)     | |   |_| |_____|____/ |_|   |_| /_/   \_\____/|____/|_____|____/ 
        /_/                                                                

Logout with valid email and Password
----------------------------------------------------------------------------
]]></system-err>
  </testcase>
</testsuite>